{"D:\\repos\\ironbot\\src\\services\\permission_manager.ts": {"path":"D:\\repos\\ironbot\\src\\services\\permission_manager.ts","statementMap":{"0":{"start":{"line":23,"column":22},"end":{"line":26,"column":null}},"1":{"start":{"line":24,"column":2},"end":{"line":24,"column":null}},"2":{"start":{"line":24,"column":29},"end":{"line":24,"column":null}},"3":{"start":{"line":25,"column":2},"end":{"line":25,"column":null}},"4":{"start":{"line":25,"column":29},"end":{"line":25,"column":41}},"5":{"start":{"line":28,"column":24},"end":{"line":32,"column":null}},"6":{"start":{"line":28,"column":47},"end":{"line":32,"column":null}},"7":{"start":{"line":34,"column":22},"end":{"line":42,"column":null}},"8":{"start":{"line":34,"column":47},"end":{"line":42,"column":null}},"9":{"start":{"line":44,"column":20},"end":{"line":45,"column":null}},"10":{"start":{"line":45,"column":2},"end":{"line":45,"column":null}},"11":{"start":{"line":47,"column":23},"end":{"line":52,"column":null}},"12":{"start":{"line":48,"column":18},"end":{"line":50,"column":null}},"13":{"start":{"line":51,"column":2},"end":{"line":51,"column":null}},"14":{"start":{"line":57,"column":19},"end":{"line":57,"column":null}},"15":{"start":{"line":61,"column":4},"end":{"line":61,"column":null}},"16":{"start":{"line":62,"column":4},"end":{"line":62,"column":null}},"17":{"start":{"line":66,"column":4},"end":{"line":71,"column":null}},"18":{"start":{"line":67,"column":6},"end":{"line":67,"column":null}},"19":{"start":{"line":68,"column":6},"end":{"line":68,"column":null}},"20":{"start":{"line":69,"column":6},"end":{"line":69,"column":null}},"21":{"start":{"line":70,"column":6},"end":{"line":70,"column":null}},"22":{"start":{"line":73,"column":4},"end":{"line":102,"column":null}},"23":{"start":{"line":74,"column":25},"end":{"line":74,"column":null}},"24":{"start":{"line":75,"column":12},"end":{"line":75,"column":null}},"25":{"start":{"line":77,"column":6},"end":{"line":82,"column":null}},"26":{"start":{"line":78,"column":8},"end":{"line":78,"column":null}},"27":{"start":{"line":79,"column":8},"end":{"line":79,"column":null}},"28":{"start":{"line":80,"column":8},"end":{"line":80,"column":null}},"29":{"start":{"line":81,"column":8},"end":{"line":81,"column":null}},"30":{"start":{"line":84,"column":6},"end":{"line":84,"column":null}},"31":{"start":{"line":86,"column":6},"end":{"line":86,"column":null}},"32":{"start":{"line":87,"column":6},"end":{"line":87,"column":null}},"33":{"start":{"line":88,"column":6},"end":{"line":95,"column":null}},"34":{"start":{"line":96,"column":6},"end":{"line":96,"column":null}},"35":{"start":{"line":98,"column":6},"end":{"line":98,"column":null}},"36":{"start":{"line":99,"column":6},"end":{"line":99,"column":null}},"37":{"start":{"line":100,"column":6},"end":{"line":100,"column":null}},"38":{"start":{"line":101,"column":6},"end":{"line":101,"column":null}},"39":{"start":{"line":106,"column":25},"end":{"line":106,"column":null}},"40":{"start":{"line":107,"column":37},"end":{"line":111,"column":null}},"41":{"start":{"line":113,"column":28},"end":{"line":113,"column":null}},"42":{"start":{"line":115,"column":22},"end":{"line":115,"column":null}},"43":{"start":{"line":116,"column":58},"end":{"line":116,"column":null}},"44":{"start":{"line":117,"column":29},"end":{"line":117,"column":null}},"45":{"start":{"line":118,"column":4},"end":{"line":130,"column":null}},"46":{"start":{"line":119,"column":26},"end":{"line":119,"column":null}},"47":{"start":{"line":120,"column":6},"end":{"line":129,"column":null}},"48":{"start":{"line":132,"column":35},"end":{"line":135,"column":null}},"49":{"start":{"line":137,"column":23},"end":{"line":137,"column":null}},"50":{"start":{"line":138,"column":37},"end":{"line":140,"column":null}},"51":{"start":{"line":142,"column":21},"end":{"line":142,"column":null}},"52":{"start":{"line":143,"column":53},"end":{"line":143,"column":null}},"53":{"start":{"line":144,"column":28},"end":{"line":144,"column":null}},"54":{"start":{"line":145,"column":4},"end":{"line":151,"column":null}},"55":{"start":{"line":146,"column":26},"end":{"line":146,"column":null}},"56":{"start":{"line":147,"column":6},"end":{"line":150,"column":null}},"57":{"start":{"line":153,"column":33},"end":{"line":156,"column":null}},"58":{"start":{"line":158,"column":26},"end":{"line":158,"column":null}},"59":{"start":{"line":159,"column":41},"end":{"line":162,"column":null}},"60":{"start":{"line":164,"column":4},"end":{"line":172,"column":null}},"61":{"start":{"line":176,"column":4},"end":{"line":176,"column":null}},"62":{"start":{"line":176,"column":15},"end":{"line":176,"column":null}},"63":{"start":{"line":177,"column":4},"end":{"line":177,"column":null}},"64":{"start":{"line":177,"column":38},"end":{"line":177,"column":72}},"65":{"start":{"line":181,"column":4},"end":{"line":181,"column":null}},"66":{"start":{"line":181,"column":15},"end":{"line":181,"column":null}},"67":{"start":{"line":182,"column":4},"end":{"line":184,"column":null}},"68":{"start":{"line":183,"column":6},"end":{"line":183,"column":null}},"69":{"start":{"line":183,"column":46},"end":{"line":183,"column":null}},"70":{"start":{"line":185,"column":4},"end":{"line":185,"column":null}},"71":{"start":{"line":189,"column":4},"end":{"line":189,"column":null}},"72":{"start":{"line":189,"column":19},"end":{"line":189,"column":null}},"73":{"start":{"line":190,"column":20},"end":{"line":190,"column":null}},"74":{"start":{"line":191,"column":4},"end":{"line":193,"column":null}},"75":{"start":{"line":192,"column":6},"end":{"line":192,"column":null}},"76":{"start":{"line":194,"column":4},"end":{"line":194,"column":null}},"77":{"start":{"line":198,"column":4},"end":{"line":198,"column":null}},"78":{"start":{"line":198,"column":20},"end":{"line":198,"column":null}},"79":{"start":{"line":199,"column":20},"end":{"line":199,"column":null}},"80":{"start":{"line":200,"column":4},"end":{"line":202,"column":null}},"81":{"start":{"line":201,"column":6},"end":{"line":201,"column":null}},"82":{"start":{"line":203,"column":4},"end":{"line":203,"column":null}},"83":{"start":{"line":207,"column":4},"end":{"line":207,"column":null}},"84":{"start":{"line":207,"column":18},"end":{"line":207,"column":null}},"85":{"start":{"line":208,"column":20},"end":{"line":208,"column":null}},"86":{"start":{"line":209,"column":4},"end":{"line":211,"column":null}},"87":{"start":{"line":210,"column":6},"end":{"line":210,"column":null}},"88":{"start":{"line":212,"column":4},"end":{"line":212,"column":null}},"89":{"start":{"line":216,"column":4},"end":{"line":216,"column":null}},"90":{"start":{"line":216,"column":23},"end":{"line":216,"column":null}},"91":{"start":{"line":217,"column":23},"end":{"line":217,"column":null}},"92":{"start":{"line":218,"column":4},"end":{"line":220,"column":null}},"93":{"start":{"line":225,"column":4},"end":{"line":225,"column":null}},"94":{"start":{"line":225,"column":23},"end":{"line":225,"column":null}},"95":{"start":{"line":226,"column":18},"end":{"line":226,"column":null}},"96":{"start":{"line":227,"column":4},"end":{"line":229,"column":null}},"97":{"start":{"line":228,"column":6},"end":{"line":228,"column":null}},"98":{"start":{"line":230,"column":4},"end":{"line":230,"column":null}},"99":{"start":{"line":234,"column":4},"end":{"line":234,"column":null}},"100":{"start":{"line":238,"column":4},"end":{"line":238,"column":null}},"101":{"start":{"line":242,"column":25},"end":{"line":242,"column":null}},"102":{"start":{"line":243,"column":4},"end":{"line":243,"column":null}},"103":{"start":{"line":247,"column":4},"end":{"line":247,"column":null}},"104":{"start":{"line":247,"column":18},"end":{"line":247,"column":null}},"105":{"start":{"line":249,"column":34},"end":{"line":249,"column":null}},"106":{"start":{"line":250,"column":4},"end":{"line":250,"column":null}},"107":{"start":{"line":250,"column":44},"end":{"line":250,"column":null}},"108":{"start":{"line":252,"column":21},"end":{"line":252,"column":null}},"109":{"start":{"line":253,"column":4},"end":{"line":253,"column":null}},"110":{"start":{"line":253,"column":51},"end":{"line":253,"column":91}},"111":{"start":{"line":261,"column":42},"end":{"line":261,"column":null}},"112":{"start":{"line":263,"column":4},"end":{"line":272,"column":null}},"113":{"start":{"line":264,"column":6},"end":{"line":264,"column":null}},"114":{"start":{"line":265,"column":6},"end":{"line":265,"column":null}},"115":{"start":{"line":265,"column":27},"end":{"line":265,"column":null}},"116":{"start":{"line":266,"column":4},"end":{"line":272,"column":null}},"117":{"start":{"line":267,"column":6},"end":{"line":267,"column":null}},"118":{"start":{"line":268,"column":6},"end":{"line":268,"column":null}},"119":{"start":{"line":268,"column":27},"end":{"line":268,"column":null}},"120":{"start":{"line":269,"column":4},"end":{"line":272,"column":null}},"121":{"start":{"line":270,"column":6},"end":{"line":270,"column":null}},"122":{"start":{"line":271,"column":6},"end":{"line":271,"column":null}},"123":{"start":{"line":271,"column":27},"end":{"line":271,"column":null}},"124":{"start":{"line":274,"column":4},"end":{"line":280,"column":null}},"125":{"start":{"line":275,"column":28},"end":{"line":275,"column":null}},"126":{"start":{"line":276,"column":6},"end":{"line":279,"column":null}},"127":{"start":{"line":277,"column":8},"end":{"line":277,"column":null}},"128":{"start":{"line":278,"column":8},"end":{"line":278,"column":null}},"129":{"start":{"line":282,"column":4},"end":{"line":282,"column":null}},"130":{"start":{"line":286,"column":4},"end":{"line":286,"column":null}},"131":{"start":{"line":286,"column":16},"end":{"line":286,"column":null}},"132":{"start":{"line":287,"column":18},"end":{"line":287,"column":null}},"133":{"start":{"line":288,"column":4},"end":{"line":288,"column":null}},"134":{"start":{"line":292,"column":4},"end":{"line":296,"column":null}},"135":{"start":{"line":300,"column":21},"end":{"line":300,"column":null}},"136":{"start":{"line":301,"column":4},"end":{"line":309,"column":null}},"137":{"start":{"line":302,"column":21},"end":{"line":302,"column":null}},"138":{"start":{"line":303,"column":6},"end":{"line":303,"column":null}},"139":{"start":{"line":304,"column":6},"end":{"line":304,"column":null}},"140":{"start":{"line":306,"column":6},"end":{"line":306,"column":null}},"141":{"start":{"line":307,"column":6},"end":{"line":307,"column":null}},"142":{"start":{"line":308,"column":6},"end":{"line":308,"column":null}},"143":{"start":{"line":313,"column":4},"end":{"line":313,"column":null}},"144":{"start":{"line":313,"column":22},"end":{"line":313,"column":null}},"145":{"start":{"line":314,"column":22},"end":{"line":314,"column":null}},"146":{"start":{"line":315,"column":4},"end":{"line":325,"column":null}},"147":{"start":{"line":318,"column":8},"end":{"line":318,"column":null}},"148":{"start":{"line":319,"column":8},"end":{"line":319,"column":null}},"149":{"start":{"line":322,"column":8},"end":{"line":322,"column":null}},"150":{"start":{"line":326,"column":4},"end":{"line":326,"column":null}},"151":{"start":{"line":327,"column":4},"end":{"line":327,"column":null}},"152":{"start":{"line":331,"column":4},"end":{"line":335,"column":null}},"153":{"start":{"line":332,"column":6},"end":{"line":332,"column":null}},"154":{"start":{"line":333,"column":6},"end":{"line":333,"column":null}},"155":{"start":{"line":334,"column":6},"end":{"line":334,"column":null}},"156":{"start":{"line":339,"column":50},"end":{"line":339,"column":null}},"157":{"start":{"line":341,"column":36},"end":{"line":341,"column":null}},"158":{"start":{"line":341,"column":68},"end":{"line":341,"column":null}},"159":{"start":{"line":343,"column":37},"end":{"line":347,"column":null}},"160":{"start":{"line":344,"column":2},"end":{"line":344,"column":null}},"161":{"start":{"line":345,"column":2},"end":{"line":345,"column":null}},"162":{"start":{"line":346,"column":2},"end":{"line":346,"column":null}}},"fnMap":{"0":{"name":"(anonymous_0)","decl":{"start":{"line":23,"column":22},"end":{"line":23,"column":23}},"loc":{"start":{"line":23,"column":52},"end":{"line":26,"column":null}},"line":23},"1":{"name":"(anonymous_1)","decl":{"start":{"line":25,"column":19},"end":{"line":25,"column":20}},"loc":{"start":{"line":25,"column":29},"end":{"line":25,"column":41}},"line":25},"2":{"name":"(anonymous_2)","decl":{"start":{"line":28,"column":24},"end":{"line":28,"column":47}},"loc":{"start":{"line":28,"column":47},"end":{"line":32,"column":null}},"line":28},"3":{"name":"(anonymous_3)","decl":{"start":{"line":34,"column":22},"end":{"line":34,"column":47}},"loc":{"start":{"line":34,"column":47},"end":{"line":42,"column":null}},"line":34},"4":{"name":"(anonymous_4)","decl":{"start":{"line":44,"column":20},"end":{"line":44,"column":21}},"loc":{"start":{"line":45,"column":2},"end":{"line":45,"column":null}},"line":45},"5":{"name":"(anonymous_5)","decl":{"start":{"line":47,"column":23},"end":{"line":47,"column":24}},"loc":{"start":{"line":47,"column":52},"end":{"line":52,"column":null}},"line":47},"6":{"name":"(anonymous_6)","decl":{"start":{"line":60,"column":2},"end":{"line":60,"column":14}},"loc":{"start":{"line":60,"column":34},"end":{"line":63,"column":null}},"line":60},"7":{"name":"(anonymous_7)","decl":{"start":{"line":65,"column":2},"end":{"line":65,"column":24}},"loc":{"start":{"line":65,"column":24},"end":{"line":103,"column":null}},"line":65},"8":{"name":"(anonymous_8)","decl":{"start":{"line":105,"column":10},"end":{"line":105,"column":22}},"loc":{"start":{"line":105,"column":70},"end":{"line":173,"column":null}},"line":105},"9":{"name":"(anonymous_9)","decl":{"start":{"line":175,"column":10},"end":{"line":175,"column":25}},"loc":{"start":{"line":175,"column":68},"end":{"line":178,"column":null}},"line":175},"10":{"name":"(anonymous_10)","decl":{"start":{"line":177,"column":25},"end":{"line":177,"column":26}},"loc":{"start":{"line":177,"column":38},"end":{"line":177,"column":72}},"line":177},"11":{"name":"(anonymous_11)","decl":{"start":{"line":180,"column":10},"end":{"line":180,"column":30}},"loc":{"start":{"line":180,"column":84},"end":{"line":186,"column":null}},"line":180},"12":{"name":"(anonymous_12)","decl":{"start":{"line":188,"column":2},"end":{"line":188,"column":16}},"loc":{"start":{"line":188,"column":43},"end":{"line":195,"column":null}},"line":188},"13":{"name":"(anonymous_13)","decl":{"start":{"line":197,"column":2},"end":{"line":197,"column":17}},"loc":{"start":{"line":197,"column":45},"end":{"line":204,"column":null}},"line":197},"14":{"name":"(anonymous_14)","decl":{"start":{"line":206,"column":2},"end":{"line":206,"column":15}},"loc":{"start":{"line":206,"column":41},"end":{"line":213,"column":null}},"line":206},"15":{"name":"(anonymous_15)","decl":{"start":{"line":215,"column":2},"end":{"line":215,"column":27}},"loc":{"start":{"line":215,"column":69},"end":{"line":222,"column":null}},"line":215},"16":{"name":"(anonymous_16)","decl":{"start":{"line":224,"column":2},"end":{"line":224,"column":22}},"loc":{"start":{"line":224,"column":53},"end":{"line":231,"column":null}},"line":224},"17":{"name":"(anonymous_17)","decl":{"start":{"line":233,"column":2},"end":{"line":233,"column":22}},"loc":{"start":{"line":233,"column":69},"end":{"line":235,"column":null}},"line":233},"18":{"name":"(anonymous_18)","decl":{"start":{"line":237,"column":2},"end":{"line":237,"column":39}},"loc":{"start":{"line":237,"column":39},"end":{"line":239,"column":null}},"line":237},"19":{"name":"(anonymous_19)","decl":{"start":{"line":241,"column":2},"end":{"line":241,"column":26}},"loc":{"start":{"line":241,"column":53},"end":{"line":244,"column":null}},"line":241},"20":{"name":"(anonymous_20)","decl":{"start":{"line":246,"column":2},"end":{"line":246,"column":19}},"loc":{"start":{"line":246,"column":45},"end":{"line":254,"column":null}},"line":246},"21":{"name":"(anonymous_21)","decl":{"start":{"line":253,"column":38},"end":{"line":253,"column":39}},"loc":{"start":{"line":253,"column":51},"end":{"line":253,"column":91}},"line":253},"22":{"name":"(anonymous_22)","decl":{"start":{"line":256,"column":2},"end":{"line":256,"column":null}},"loc":{"start":{"line":260,"column":27},"end":{"line":283,"column":null}},"line":260},"23":{"name":"(anonymous_23)","decl":{"start":{"line":285,"column":2},"end":{"line":285,"column":22}},"loc":{"start":{"line":285,"column":85},"end":{"line":289,"column":null}},"line":285},"24":{"name":"(anonymous_24)","decl":{"start":{"line":291,"column":2},"end":{"line":291,"column":83}},"loc":{"start":{"line":291,"column":83},"end":{"line":297,"column":null}},"line":291},"25":{"name":"(anonymous_25)","decl":{"start":{"line":299,"column":2},"end":{"line":299,"column":26}},"loc":{"start":{"line":299,"column":26},"end":{"line":310,"column":null}},"line":299},"26":{"name":"(anonymous_26)","decl":{"start":{"line":312,"column":2},"end":{"line":312,"column":19}},"loc":{"start":{"line":312,"column":47},"end":{"line":328,"column":null}},"line":312},"27":{"name":"(anonymous_27)","decl":{"start":{"line":317,"column":6},"end":{"line":317,"column":12}},"loc":{"start":{"line":317,"column":12},"end":{"line":320,"column":null}},"line":317},"28":{"name":"(anonymous_28)","decl":{"start":{"line":321,"column":6},"end":{"line":321,"column":7}},"loc":{"start":{"line":321,"column":17},"end":{"line":323,"column":null}},"line":321},"29":{"name":"(anonymous_29)","decl":{"start":{"line":330,"column":2},"end":{"line":330,"column":26}},"loc":{"start":{"line":330,"column":26},"end":{"line":336,"column":null}},"line":330},"30":{"name":"(anonymous_30)","decl":{"start":{"line":341,"column":36},"end":{"line":341,"column":68}},"loc":{"start":{"line":341,"column":68},"end":{"line":341,"column":null}},"line":341},"31":{"name":"(anonymous_31)","decl":{"start":{"line":343,"column":37},"end":{"line":343,"column":38}},"loc":{"start":{"line":343,"column":80},"end":{"line":347,"column":null}},"line":343}},"branchMap":{"0":{"loc":{"start":{"line":24,"column":2},"end":{"line":24,"column":null}},"type":"if","locations":[{"start":{"line":24,"column":2},"end":{"line":24,"column":null}},{"start":{},"end":{}}],"line":24},"1":{"loc":{"start":{"line":66,"column":4},"end":{"line":71,"column":null}},"type":"if","locations":[{"start":{"line":66,"column":4},"end":{"line":71,"column":null}},{"start":{},"end":{}}],"line":66},"2":{"loc":{"start":{"line":77,"column":6},"end":{"line":82,"column":null}},"type":"if","locations":[{"start":{"line":77,"column":6},"end":{"line":82,"column":null}},{"start":{},"end":{}}],"line":77},"3":{"loc":{"start":{"line":106,"column":25},"end":{"line":106,"column":null}},"type":"binary-expr","locations":[{"start":{"line":106,"column":25},"end":{"line":106,"column":41}},{"start":{"line":106,"column":41},"end":{"line":106,"column":null}}],"line":106},"4":{"loc":{"start":{"line":108,"column":27},"end":{"line":108,"column":59}},"type":"binary-expr","locations":[{"start":{"line":108,"column":27},"end":{"line":108,"column":55}},{"start":{"line":108,"column":55},"end":{"line":108,"column":59}}],"line":108},"5":{"loc":{"start":{"line":109,"column":26},"end":{"line":109,"column":57}},"type":"binary-expr","locations":[{"start":{"line":109,"column":26},"end":{"line":109,"column":53}},{"start":{"line":109,"column":53},"end":{"line":109,"column":57}}],"line":109},"6":{"loc":{"start":{"line":110,"column":36},"end":{"line":110,"column":79}},"type":"binary-expr","locations":[{"start":{"line":110,"column":36},"end":{"line":110,"column":74}},{"start":{"line":110,"column":74},"end":{"line":110,"column":79}}],"line":110},"7":{"loc":{"start":{"line":115,"column":22},"end":{"line":115,"column":null}},"type":"binary-expr","locations":[{"start":{"line":115,"column":22},"end":{"line":115,"column":35}},{"start":{"line":115,"column":35},"end":{"line":115,"column":null}}],"line":115},"8":{"loc":{"start":{"line":117,"column":29},"end":{"line":117,"column":null}},"type":"binary-expr","locations":[{"start":{"line":117,"column":29},"end":{"line":117,"column":54}},{"start":{"line":117,"column":54},"end":{"line":117,"column":null}}],"line":117},"9":{"loc":{"start":{"line":125,"column":10},"end":{"line":127,"column":null}},"type":"cond-expr","locations":[{"start":{"line":126,"column":14},"end":{"line":126,"column":null}},{"start":{"line":127,"column":14},"end":{"line":127,"column":null}}],"line":125},"10":{"loc":{"start":{"line":128,"column":32},"end":{"line":128,"column":68}},"type":"binary-expr","locations":[{"start":{"line":128,"column":32},"end":{"line":128,"column":63}},{"start":{"line":128,"column":63},"end":{"line":128,"column":68}}],"line":128},"11":{"loc":{"start":{"line":137,"column":23},"end":{"line":137,"column":null}},"type":"binary-expr","locations":[{"start":{"line":137,"column":23},"end":{"line":137,"column":37}},{"start":{"line":137,"column":37},"end":{"line":137,"column":null}}],"line":137},"12":{"loc":{"start":{"line":142,"column":21},"end":{"line":142,"column":null}},"type":"binary-expr","locations":[{"start":{"line":142,"column":21},"end":{"line":142,"column":33}},{"start":{"line":142,"column":33},"end":{"line":142,"column":null}}],"line":142},"13":{"loc":{"start":{"line":144,"column":28},"end":{"line":144,"column":null}},"type":"binary-expr","locations":[{"start":{"line":144,"column":28},"end":{"line":144,"column":48}},{"start":{"line":144,"column":48},"end":{"line":144,"column":null}}],"line":144},"14":{"loc":{"start":{"line":158,"column":26},"end":{"line":158,"column":null}},"type":"binary-expr","locations":[{"start":{"line":158,"column":26},"end":{"line":158,"column":43}},{"start":{"line":158,"column":43},"end":{"line":158,"column":null}}],"line":158},"15":{"loc":{"start":{"line":165,"column":15},"end":{"line":165,"column":null}},"type":"cond-expr","locations":[{"start":{"line":165,"column":49},"end":{"line":165,"column":63}},{"start":{"line":165,"column":63},"end":{"line":165,"column":null}}],"line":165},"16":{"loc":{"start":{"line":176,"column":4},"end":{"line":176,"column":null}},"type":"if","locations":[{"start":{"line":176,"column":4},"end":{"line":176,"column":null}},{"start":{},"end":{}}],"line":176},"17":{"loc":{"start":{"line":181,"column":4},"end":{"line":181,"column":null}},"type":"if","locations":[{"start":{"line":181,"column":4},"end":{"line":181,"column":null}},{"start":{},"end":{}}],"line":181},"18":{"loc":{"start":{"line":183,"column":6},"end":{"line":183,"column":null}},"type":"if","locations":[{"start":{"line":183,"column":6},"end":{"line":183,"column":null}},{"start":{},"end":{}}],"line":183},"19":{"loc":{"start":{"line":189,"column":4},"end":{"line":189,"column":null}},"type":"if","locations":[{"start":{"line":189,"column":4},"end":{"line":189,"column":null}},{"start":{},"end":{}}],"line":189},"20":{"loc":{"start":{"line":191,"column":4},"end":{"line":193,"column":null}},"type":"if","locations":[{"start":{"line":191,"column":4},"end":{"line":193,"column":null}},{"start":{},"end":{}}],"line":191},"21":{"loc":{"start":{"line":191,"column":8},"end":{"line":191,"column":53}},"type":"binary-expr","locations":[{"start":{"line":191,"column":8},"end":{"line":191,"column":20}},{"start":{"line":191,"column":20},"end":{"line":191,"column":53}}],"line":191},"22":{"loc":{"start":{"line":198,"column":4},"end":{"line":198,"column":null}},"type":"if","locations":[{"start":{"line":198,"column":4},"end":{"line":198,"column":null}},{"start":{},"end":{}}],"line":198},"23":{"loc":{"start":{"line":200,"column":4},"end":{"line":202,"column":null}},"type":"if","locations":[{"start":{"line":200,"column":4},"end":{"line":202,"column":null}},{"start":{},"end":{}}],"line":200},"24":{"loc":{"start":{"line":200,"column":8},"end":{"line":200,"column":53}},"type":"binary-expr","locations":[{"start":{"line":200,"column":8},"end":{"line":200,"column":20}},{"start":{"line":200,"column":20},"end":{"line":200,"column":53}}],"line":200},"25":{"loc":{"start":{"line":207,"column":4},"end":{"line":207,"column":null}},"type":"if","locations":[{"start":{"line":207,"column":4},"end":{"line":207,"column":null}},{"start":{},"end":{}}],"line":207},"26":{"loc":{"start":{"line":209,"column":4},"end":{"line":211,"column":null}},"type":"if","locations":[{"start":{"line":209,"column":4},"end":{"line":211,"column":null}},{"start":{},"end":{}}],"line":209},"27":{"loc":{"start":{"line":209,"column":8},"end":{"line":209,"column":53}},"type":"binary-expr","locations":[{"start":{"line":209,"column":8},"end":{"line":209,"column":20}},{"start":{"line":209,"column":20},"end":{"line":209,"column":53}}],"line":209},"28":{"loc":{"start":{"line":216,"column":4},"end":{"line":216,"column":null}},"type":"if","locations":[{"start":{"line":216,"column":4},"end":{"line":216,"column":null}},{"start":{},"end":{}}],"line":216},"29":{"loc":{"start":{"line":219,"column":6},"end":{"line":220,"column":null}},"type":"binary-expr","locations":[{"start":{"line":219,"column":6},"end":{"line":219,"column":null}},{"start":{"line":220,"column":6},"end":{"line":220,"column":null}}],"line":219},"30":{"loc":{"start":{"line":225,"column":4},"end":{"line":225,"column":null}},"type":"if","locations":[{"start":{"line":225,"column":4},"end":{"line":225,"column":null}},{"start":{},"end":{}}],"line":225},"31":{"loc":{"start":{"line":227,"column":4},"end":{"line":229,"column":null}},"type":"if","locations":[{"start":{"line":227,"column":4},"end":{"line":229,"column":null}},{"start":{},"end":{}}],"line":227},"32":{"loc":{"start":{"line":227,"column":8},"end":{"line":227,"column":50}},"type":"binary-expr","locations":[{"start":{"line":227,"column":8},"end":{"line":227,"column":17}},{"start":{"line":227,"column":17},"end":{"line":227,"column":50}}],"line":227},"33":{"loc":{"start":{"line":238,"column":11},"end":{"line":238,"column":null}},"type":"binary-expr","locations":[{"start":{"line":238,"column":11},"end":{"line":238,"column":42}},{"start":{"line":238,"column":42},"end":{"line":238,"column":null}}],"line":238},"34":{"loc":{"start":{"line":243,"column":19},"end":{"line":243,"column":92}},"type":"binary-expr","locations":[{"start":{"line":243,"column":19},"end":{"line":243,"column":51}},{"start":{"line":243,"column":51},"end":{"line":243,"column":92}}],"line":243},"35":{"loc":{"start":{"line":247,"column":4},"end":{"line":247,"column":null}},"type":"if","locations":[{"start":{"line":247,"column":4},"end":{"line":247,"column":null}},{"start":{},"end":{}}],"line":247},"36":{"loc":{"start":{"line":250,"column":4},"end":{"line":250,"column":null}},"type":"if","locations":[{"start":{"line":250,"column":4},"end":{"line":250,"column":null}},{"start":{},"end":{}}],"line":250},"37":{"loc":{"start":{"line":263,"column":4},"end":{"line":272,"column":null}},"type":"if","locations":[{"start":{"line":263,"column":4},"end":{"line":272,"column":null}},{"start":{"line":266,"column":4},"end":{"line":272,"column":null}}],"line":263},"38":{"loc":{"start":{"line":265,"column":6},"end":{"line":265,"column":null}},"type":"if","locations":[{"start":{"line":265,"column":6},"end":{"line":265,"column":null}},{"start":{},"end":{}}],"line":265},"39":{"loc":{"start":{"line":266,"column":4},"end":{"line":272,"column":null}},"type":"if","locations":[{"start":{"line":266,"column":4},"end":{"line":272,"column":null}},{"start":{"line":269,"column":4},"end":{"line":272,"column":null}}],"line":266},"40":{"loc":{"start":{"line":268,"column":6},"end":{"line":268,"column":null}},"type":"if","locations":[{"start":{"line":268,"column":6},"end":{"line":268,"column":null}},{"start":{},"end":{}}],"line":268},"41":{"loc":{"start":{"line":269,"column":4},"end":{"line":272,"column":null}},"type":"if","locations":[{"start":{"line":269,"column":4},"end":{"line":272,"column":null}},{"start":{},"end":{}}],"line":269},"42":{"loc":{"start":{"line":271,"column":6},"end":{"line":271,"column":null}},"type":"if","locations":[{"start":{"line":271,"column":6},"end":{"line":271,"column":null}},{"start":{},"end":{}}],"line":271},"43":{"loc":{"start":{"line":274,"column":4},"end":{"line":280,"column":null}},"type":"if","locations":[{"start":{"line":274,"column":4},"end":{"line":280,"column":null}},{"start":{},"end":{}}],"line":274},"44":{"loc":{"start":{"line":274,"column":8},"end":{"line":274,"column":40}},"type":"binary-expr","locations":[{"start":{"line":274,"column":8},"end":{"line":274,"column":26}},{"start":{"line":274,"column":26},"end":{"line":274,"column":40}}],"line":274},"45":{"loc":{"start":{"line":276,"column":6},"end":{"line":279,"column":null}},"type":"if","locations":[{"start":{"line":276,"column":6},"end":{"line":279,"column":null}},{"start":{},"end":{}}],"line":276},"46":{"loc":{"start":{"line":286,"column":4},"end":{"line":286,"column":null}},"type":"if","locations":[{"start":{"line":286,"column":4},"end":{"line":286,"column":null}},{"start":{},"end":{}}],"line":286},"47":{"loc":{"start":{"line":312,"column":19},"end":{"line":312,"column":47}},"type":"default-arg","locations":[{"start":{"line":312,"column":32},"end":{"line":312,"column":47}}],"line":312},"48":{"loc":{"start":{"line":313,"column":4},"end":{"line":313,"column":null}},"type":"if","locations":[{"start":{"line":313,"column":4},"end":{"line":313,"column":null}},{"start":{},"end":{}}],"line":313},"49":{"loc":{"start":{"line":331,"column":4},"end":{"line":335,"column":null}},"type":"if","locations":[{"start":{"line":331,"column":4},"end":{"line":335,"column":null}},{"start":{},"end":{}}],"line":331}},"s":{"0":1,"1":18,"2":6,"3":12,"4":2,"5":1,"6":3,"7":1,"8":3,"9":1,"10":1,"11":1,"12":1,"13":1,"14":3,"15":3,"16":3,"17":3,"18":0,"19":0,"20":0,"21":0,"22":3,"23":3,"24":3,"25":3,"26":0,"27":0,"28":0,"29":0,"30":3,"31":3,"32":3,"33":3,"34":3,"35":0,"36":0,"37":0,"38":0,"39":3,"40":3,"41":3,"42":3,"43":3,"44":3,"45":3,"46":0,"47":0,"48":3,"49":3,"50":3,"51":3,"52":3,"53":3,"54":3,"55":0,"56":0,"57":3,"58":3,"59":3,"60":3,"61":2,"62":0,"63":2,"64":1,"65":0,"66":0,"67":0,"68":0,"69":0,"70":0,"71":0,"72":0,"73":0,"74":0,"75":0,"76":0,"77":2,"78":0,"79":2,"80":2,"81":0,"82":2,"83":0,"84":0,"85":0,"86":0,"87":0,"88":0,"89":0,"90":0,"91":0,"92":0,"93":0,"94":0,"95":0,"96":0,"97":0,"98":0,"99":0,"100":0,"101":0,"102":0,"103":0,"104":0,"105":0,"106":0,"107":0,"108":0,"109":0,"110":0,"111":0,"112":0,"113":0,"114":0,"115":0,"116":0,"117":0,"118":0,"119":0,"120":0,"121":0,"122":0,"123":0,"124":0,"125":0,"126":0,"127":0,"128":0,"129":0,"130":0,"131":0,"132":0,"133":0,"134":0,"135":0,"136":0,"137":0,"138":0,"139":0,"140":0,"141":0,"142":0,"143":0,"144":0,"145":0,"146":0,"147":0,"148":0,"149":0,"150":0,"151":0,"152":0,"153":0,"154":0,"155":0,"156":1,"157":1,"158":3,"159":1,"160":3,"161":3,"162":3},"f":{"0":18,"1":2,"2":3,"3":3,"4":1,"5":1,"6":3,"7":3,"8":3,"9":2,"10":1,"11":0,"12":0,"13":2,"14":0,"15":0,"16":0,"17":0,"18":0,"19":0,"20":0,"21":0,"22":0,"23":0,"24":0,"25":0,"26":0,"27":0,"28":0,"29":0,"30":3,"31":3},"b":{"0":[6,12],"1":[0,3],"2":[0,3],"3":[3,0],"4":[3,0],"5":[3,0],"6":[3,3],"7":[3,0],"8":[3,3],"9":[0,0],"10":[0,0],"11":[3,0],"12":[3,0],"13":[3,3],"14":[3,0],"15":[3,0],"16":[0,2],"17":[0,0],"18":[0,0],"19":[0,0],"20":[0,0],"21":[0,0],"22":[0,2],"23":[0,2],"24":[2,1],"25":[0,0],"26":[0,0],"27":[0,0],"28":[0,0],"29":[0,0],"30":[0,0],"31":[0,0],"32":[0,0],"33":[0,0],"34":[0,0],"35":[0,0],"36":[0,0],"37":[0,0],"38":[0,0],"39":[0,0],"40":[0,0],"41":[0,0],"42":[0,0],"43":[0,0],"44":[0,0],"45":[0,0],"46":[0,0],"47":[0],"48":[0,0],"49":[0,0]},"meta":{"lastBranch":50,"lastFunction":32,"lastStatement":163,"seen":{"s:23:22:26:Infinity":0,"f:23:22:23:23":0,"b:24:2:24:Infinity:undefined:undefined:undefined:undefined":0,"s:24:2:24:Infinity":1,"s:24:29:24:Infinity":2,"s:25:2:25:Infinity":3,"f:25:19:25:20":1,"s:25:29:25:41":4,"s:28:24:32:Infinity":5,"f:28:24:28:47":2,"s:28:47:32:Infinity":6,"s:34:22:42:Infinity":7,"f:34:22:34:47":3,"s:34:47:42:Infinity":8,"s:44:20:45:Infinity":9,"f:44:20:44:21":4,"s:45:2:45:Infinity":10,"s:47:23:52:Infinity":11,"f:47:23:47:24":5,"s:48:18:50:Infinity":12,"s:51:2:51:Infinity":13,"s:57:19:57:Infinity":14,"f:60:2:60:14":6,"s:61:4:61:Infinity":15,"s:62:4:62:Infinity":16,"f:65:2:65:24":7,"b:66:4:71:Infinity:undefined:undefined:undefined:undefined":1,"s:66:4:71:Infinity":17,"s:67:6:67:Infinity":18,"s:68:6:68:Infinity":19,"s:69:6:69:Infinity":20,"s:70:6:70:Infinity":21,"s:73:4:102:Infinity":22,"s:74:25:74:Infinity":23,"s:75:12:75:Infinity":24,"b:77:6:82:Infinity:undefined:undefined:undefined:undefined":2,"s:77:6:82:Infinity":25,"s:78:8:78:Infinity":26,"s:79:8:79:Infinity":27,"s:80:8:80:Infinity":28,"s:81:8:81:Infinity":29,"s:84:6:84:Infinity":30,"s:86:6:86:Infinity":31,"s:87:6:87:Infinity":32,"s:88:6:95:Infinity":33,"s:96:6:96:Infinity":34,"s:98:6:98:Infinity":35,"s:99:6:99:Infinity":36,"s:100:6:100:Infinity":37,"s:101:6:101:Infinity":38,"f:105:10:105:22":8,"s:106:25:106:Infinity":39,"b:106:25:106:41:106:41:106:Infinity":3,"s:107:37:111:Infinity":40,"b:108:27:108:55:108:55:108:59":4,"b:109:26:109:53:109:53:109:57":5,"b:110:36:110:74:110:74:110:79":6,"s:113:28:113:Infinity":41,"s:115:22:115:Infinity":42,"b:115:22:115:35:115:35:115:Infinity":7,"s:116:58:116:Infinity":43,"s:117:29:117:Infinity":44,"b:117:29:117:54:117:54:117:Infinity":8,"s:118:4:130:Infinity":45,"s:119:26:119:Infinity":46,"s:120:6:129:Infinity":47,"b:126:14:126:Infinity:127:14:127:Infinity":9,"b:128:32:128:63:128:63:128:68":10,"s:132:35:135:Infinity":48,"s:137:23:137:Infinity":49,"b:137:23:137:37:137:37:137:Infinity":11,"s:138:37:140:Infinity":50,"s:142:21:142:Infinity":51,"b:142:21:142:33:142:33:142:Infinity":12,"s:143:53:143:Infinity":52,"s:144:28:144:Infinity":53,"b:144:28:144:48:144:48:144:Infinity":13,"s:145:4:151:Infinity":54,"s:146:26:146:Infinity":55,"s:147:6:150:Infinity":56,"s:153:33:156:Infinity":57,"s:158:26:158:Infinity":58,"b:158:26:158:43:158:43:158:Infinity":14,"s:159:41:162:Infinity":59,"s:164:4:172:Infinity":60,"b:165:49:165:63:165:63:165:Infinity":15,"f:175:10:175:25":9,"b:176:4:176:Infinity:undefined:undefined:undefined:undefined":16,"s:176:4:176:Infinity":61,"s:176:15:176:Infinity":62,"s:177:4:177:Infinity":63,"f:177:25:177:26":10,"s:177:38:177:72":64,"f:180:10:180:30":11,"b:181:4:181:Infinity:undefined:undefined:undefined:undefined":17,"s:181:4:181:Infinity":65,"s:181:15:181:Infinity":66,"s:182:4:184:Infinity":67,"b:183:6:183:Infinity:undefined:undefined:undefined:undefined":18,"s:183:6:183:Infinity":68,"s:183:46:183:Infinity":69,"s:185:4:185:Infinity":70,"f:188:2:188:16":12,"b:189:4:189:Infinity:undefined:undefined:undefined:undefined":19,"s:189:4:189:Infinity":71,"s:189:19:189:Infinity":72,"s:190:20:190:Infinity":73,"b:191:4:193:Infinity:undefined:undefined:undefined:undefined":20,"s:191:4:193:Infinity":74,"b:191:8:191:20:191:20:191:53":21,"s:192:6:192:Infinity":75,"s:194:4:194:Infinity":76,"f:197:2:197:17":13,"b:198:4:198:Infinity:undefined:undefined:undefined:undefined":22,"s:198:4:198:Infinity":77,"s:198:20:198:Infinity":78,"s:199:20:199:Infinity":79,"b:200:4:202:Infinity:undefined:undefined:undefined:undefined":23,"s:200:4:202:Infinity":80,"b:200:8:200:20:200:20:200:53":24,"s:201:6:201:Infinity":81,"s:203:4:203:Infinity":82,"f:206:2:206:15":14,"b:207:4:207:Infinity:undefined:undefined:undefined:undefined":25,"s:207:4:207:Infinity":83,"s:207:18:207:Infinity":84,"s:208:20:208:Infinity":85,"b:209:4:211:Infinity:undefined:undefined:undefined:undefined":26,"s:209:4:211:Infinity":86,"b:209:8:209:20:209:20:209:53":27,"s:210:6:210:Infinity":87,"s:212:4:212:Infinity":88,"f:215:2:215:27":15,"b:216:4:216:Infinity:undefined:undefined:undefined:undefined":28,"s:216:4:216:Infinity":89,"s:216:23:216:Infinity":90,"s:217:23:217:Infinity":91,"s:218:4:220:Infinity":92,"b:219:6:219:Infinity:220:6:220:Infinity":29,"f:224:2:224:22":16,"b:225:4:225:Infinity:undefined:undefined:undefined:undefined":30,"s:225:4:225:Infinity":93,"s:225:23:225:Infinity":94,"s:226:18:226:Infinity":95,"b:227:4:229:Infinity:undefined:undefined:undefined:undefined":31,"s:227:4:229:Infinity":96,"b:227:8:227:17:227:17:227:50":32,"s:228:6:228:Infinity":97,"s:230:4:230:Infinity":98,"f:233:2:233:22":17,"s:234:4:234:Infinity":99,"f:237:2:237:39":18,"s:238:4:238:Infinity":100,"b:238:11:238:42:238:42:238:Infinity":33,"f:241:2:241:26":19,"s:242:25:242:Infinity":101,"s:243:4:243:Infinity":102,"b:243:19:243:51:243:51:243:92":34,"f:246:2:246:19":20,"b:247:4:247:Infinity:undefined:undefined:undefined:undefined":35,"s:247:4:247:Infinity":103,"s:247:18:247:Infinity":104,"s:249:34:249:Infinity":105,"b:250:4:250:Infinity:undefined:undefined:undefined:undefined":36,"s:250:4:250:Infinity":106,"s:250:44:250:Infinity":107,"s:252:21:252:Infinity":108,"s:253:4:253:Infinity":109,"f:253:38:253:39":21,"s:253:51:253:91":110,"f:256:2:256:Infinity":22,"s:261:42:261:Infinity":111,"b:263:4:272:Infinity:266:4:272:Infinity":37,"s:263:4:272:Infinity":112,"s:264:6:264:Infinity":113,"b:265:6:265:Infinity:undefined:undefined:undefined:undefined":38,"s:265:6:265:Infinity":114,"s:265:27:265:Infinity":115,"b:266:4:272:Infinity:269:4:272:Infinity":39,"s:266:4:272:Infinity":116,"s:267:6:267:Infinity":117,"b:268:6:268:Infinity:undefined:undefined:undefined:undefined":40,"s:268:6:268:Infinity":118,"s:268:27:268:Infinity":119,"b:269:4:272:Infinity:undefined:undefined:undefined:undefined":41,"s:269:4:272:Infinity":120,"s:270:6:270:Infinity":121,"b:271:6:271:Infinity:undefined:undefined:undefined:undefined":42,"s:271:6:271:Infinity":122,"s:271:27:271:Infinity":123,"b:274:4:280:Infinity:undefined:undefined:undefined:undefined":43,"s:274:4:280:Infinity":124,"b:274:8:274:26:274:26:274:40":44,"s:275:28:275:Infinity":125,"b:276:6:279:Infinity:undefined:undefined:undefined:undefined":45,"s:276:6:279:Infinity":126,"s:277:8:277:Infinity":127,"s:278:8:278:Infinity":128,"s:282:4:282:Infinity":129,"f:285:2:285:22":23,"b:286:4:286:Infinity:undefined:undefined:undefined:undefined":46,"s:286:4:286:Infinity":130,"s:286:16:286:Infinity":131,"s:287:18:287:Infinity":132,"s:288:4:288:Infinity":133,"f:291:2:291:83":24,"s:292:4:296:Infinity":134,"f:299:2:299:26":25,"s:300:21:300:Infinity":135,"s:301:4:309:Infinity":136,"s:302:21:302:Infinity":137,"s:303:6:303:Infinity":138,"s:304:6:304:Infinity":139,"s:306:6:306:Infinity":140,"s:307:6:307:Infinity":141,"s:308:6:308:Infinity":142,"f:312:2:312:19":26,"b:312:32:312:47":47,"b:313:4:313:Infinity:undefined:undefined:undefined:undefined":48,"s:313:4:313:Infinity":143,"s:313:22:313:Infinity":144,"s:314:22:314:Infinity":145,"s:315:4:325:Infinity":146,"f:317:6:317:12":27,"s:318:8:318:Infinity":147,"s:319:8:319:Infinity":148,"f:321:6:321:7":28,"s:322:8:322:Infinity":149,"s:326:4:326:Infinity":150,"s:327:4:327:Infinity":151,"f:330:2:330:26":29,"b:331:4:335:Infinity:undefined:undefined:undefined:undefined":49,"s:331:4:335:Infinity":152,"s:332:6:332:Infinity":153,"s:333:6:333:Infinity":154,"s:334:6:334:Infinity":155,"s:339:50:339:Infinity":156,"s:341:36:341:Infinity":157,"f:341:36:341:68":30,"s:341:68:341:Infinity":158,"s:343:37:347:Infinity":159,"f:343:37:343:38":31,"s:344:2:344:Infinity":160,"s:345:2:345:Infinity":161,"s:346:2:346:Infinity":162}}}
,"D:\\repos\\ironbot\\src\\services\\skill_loader.ts": {"path":"D:\\repos\\ironbot\\src\\services\\skill_loader.ts","statementMap":{"0":{"start":{"line":11,"column":49},"end":{"line":11,"column":null}},"1":{"start":{"line":14,"column":4},"end":{"line":14,"column":null}},"2":{"start":{"line":18,"column":4},"end":{"line":18,"column":null}},"3":{"start":{"line":20,"column":4},"end":{"line":56,"column":null}},"4":{"start":{"line":21,"column":22},"end":{"line":21,"column":null}},"5":{"start":{"line":22,"column":12},"end":{"line":22,"column":null}},"6":{"start":{"line":24,"column":6},"end":{"line":50,"column":null}},"7":{"start":{"line":25,"column":8},"end":{"line":25,"column":null}},"8":{"start":{"line":25,"column":29},"end":{"line":25,"column":null}},"9":{"start":{"line":26,"column":8},"end":{"line":26,"column":null}},"10":{"start":{"line":26,"column":40},"end":{"line":26,"column":null}},"11":{"start":{"line":28,"column":20},"end":{"line":28,"column":null}},"12":{"start":{"line":29,"column":8},"end":{"line":29,"column":null}},"13":{"start":{"line":29,"column":59},"end":{"line":29,"column":null}},"14":{"start":{"line":31,"column":26},"end":{"line":31,"column":null}},"15":{"start":{"line":32,"column":8},"end":{"line":35,"column":null}},"16":{"start":{"line":33,"column":10},"end":{"line":33,"column":null}},"17":{"start":{"line":34,"column":10},"end":{"line":34,"column":null}},"18":{"start":{"line":37,"column":26},"end":{"line":37,"column":null}},"19":{"start":{"line":38,"column":8},"end":{"line":49,"column":null}},"20":{"start":{"line":39,"column":25},"end":{"line":39,"column":null}},"21":{"start":{"line":40,"column":26},"end":{"line":40,"column":null}},"22":{"start":{"line":41,"column":10},"end":{"line":46,"column":null}},"23":{"start":{"line":42,"column":12},"end":{"line":42,"column":null}},"24":{"start":{"line":43,"column":12},"end":{"line":43,"column":null}},"25":{"start":{"line":45,"column":12},"end":{"line":45,"column":null}},"26":{"start":{"line":48,"column":10},"end":{"line":48,"column":null}},"27":{"start":{"line":52,"column":6},"end":{"line":52,"column":null}},"28":{"start":{"line":54,"column":6},"end":{"line":54,"column":null}},"29":{"start":{"line":55,"column":6},"end":{"line":55,"column":null}}},"fnMap":{"0":{"name":"(anonymous_0)","decl":{"start":{"line":13,"column":2},"end":{"line":13,"column":14}},"loc":{"start":{"line":13,"column":33},"end":{"line":15,"column":null}},"line":13},"1":{"name":"(anonymous_1)","decl":{"start":{"line":17,"column":8},"end":{"line":17,"column":60}},"loc":{"start":{"line":17,"column":60},"end":{"line":57,"column":null}},"line":17}},"branchMap":{"0":{"loc":{"start":{"line":25,"column":8},"end":{"line":25,"column":null}},"type":"if","locations":[{"start":{"line":25,"column":8},"end":{"line":25,"column":null}},{"start":{},"end":{}}],"line":25},"1":{"loc":{"start":{"line":26,"column":8},"end":{"line":26,"column":null}},"type":"if","locations":[{"start":{"line":26,"column":8},"end":{"line":26,"column":null}},{"start":{},"end":{}}],"line":26},"2":{"loc":{"start":{"line":29,"column":8},"end":{"line":29,"column":null}},"type":"if","locations":[{"start":{"line":29,"column":8},"end":{"line":29,"column":null}},{"start":{},"end":{}}],"line":29},"3":{"loc":{"start":{"line":32,"column":8},"end":{"line":35,"column":null}},"type":"if","locations":[{"start":{"line":32,"column":8},"end":{"line":35,"column":null}},{"start":{},"end":{}}],"line":32},"4":{"loc":{"start":{"line":32,"column":12},"end":{"line":32,"column":79}},"type":"binary-expr","locations":[{"start":{"line":32,"column":12},"end":{"line":32,"column":33}},{"start":{"line":32,"column":33},"end":{"line":32,"column":79}}],"line":32},"5":{"loc":{"start":{"line":41,"column":10},"end":{"line":46,"column":null}},"type":"if","locations":[{"start":{"line":41,"column":10},"end":{"line":46,"column":null}},{"start":{"line":44,"column":17},"end":{"line":46,"column":null}}],"line":41}},"s":{"0":3,"1":3,"2":3,"3":3,"4":3,"5":3,"6":3,"7":6,"8":0,"9":6,"10":1,"11":5,"12":5,"13":3,"14":2,"15":2,"16":1,"17":1,"18":1,"19":1,"20":1,"21":1,"22":1,"23":1,"24":1,"25":0,"26":0,"27":3,"28":0,"29":0},"f":{"0":3,"1":3},"b":{"0":[0,6],"1":[1,5],"2":[3,2],"3":[1,1],"4":[2,2],"5":[1,0]},"meta":{"lastBranch":6,"lastFunction":2,"lastStatement":30,"seen":{"s:11:49:11:Infinity":0,"f:13:2:13:14":0,"s:14:4:14:Infinity":1,"f:17:8:17:60":1,"s:18:4:18:Infinity":2,"s:20:4:56:Infinity":3,"s:21:22:21:Infinity":4,"s:22:12:22:Infinity":5,"s:24:6:50:Infinity":6,"b:25:8:25:Infinity:undefined:undefined:undefined:undefined":0,"s:25:8:25:Infinity":7,"s:25:29:25:Infinity":8,"b:26:8:26:Infinity:undefined:undefined:undefined:undefined":1,"s:26:8:26:Infinity":9,"s:26:40:26:Infinity":10,"s:28:20:28:Infinity":11,"b:29:8:29:Infinity:undefined:undefined:undefined:undefined":2,"s:29:8:29:Infinity":12,"s:29:59:29:Infinity":13,"s:31:26:31:Infinity":14,"b:32:8:35:Infinity:undefined:undefined:undefined:undefined":3,"s:32:8:35:Infinity":15,"b:32:12:32:33:32:33:32:79":4,"s:33:10:33:Infinity":16,"s:34:10:34:Infinity":17,"s:37:26:37:Infinity":18,"s:38:8:49:Infinity":19,"s:39:25:39:Infinity":20,"s:40:26:40:Infinity":21,"b:41:10:46:Infinity:44:17:46:Infinity":5,"s:41:10:46:Infinity":22,"s:42:12:42:Infinity":23,"s:43:12:43:Infinity":24,"s:45:12:45:Infinity":25,"s:48:10:48:Infinity":26,"s:52:6:52:Infinity":27,"s:54:6:54:Infinity":28,"s:55:6:55:Infinity":29}}}
,"D:\\repos\\ironbot\\src\\utils\\file_watcher.ts": {"path":"D:\\repos\\ironbot\\src\\utils\\file_watcher.ts","statementMap":{"0":{"start":{"line":15,"column":25},"end":{"line":52,"column":null}},"1":{"start":{"line":21,"column":21},"end":{"line":21,"column":null}},"2":{"start":{"line":24,"column":18},"end":{"line":30,"column":null}},"3":{"start":{"line":32,"column":18},"end":{"line":43,"column":null}},"4":{"start":{"line":33,"column":4},"end":{"line":35,"column":null}},"5":{"start":{"line":34,"column":6},"end":{"line":34,"column":null}},"6":{"start":{"line":36,"column":4},"end":{"line":42,"column":null}},"7":{"start":{"line":37,"column":6},"end":{"line":41,"column":null}},"8":{"start":{"line":38,"column":8},"end":{"line":38,"column":null}},"9":{"start":{"line":40,"column":8},"end":{"line":40,"column":null}},"10":{"start":{"line":45,"column":2},"end":{"line":45,"column":null}},"11":{"start":{"line":46,"column":2},"end":{"line":46,"column":null}},"12":{"start":{"line":47,"column":2},"end":{"line":47,"column":null}},"13":{"start":{"line":47,"column":33},"end":{"line":47,"column":49}},"14":{"start":{"line":49,"column":2},"end":{"line":51,"column":null}},"15":{"start":{"line":50,"column":17},"end":{"line":50,"column":null}}},"fnMap":{"0":{"name":"(anonymous_0)","decl":{"start":{"line":15,"column":25},"end":{"line":15,"column":null}},"loc":{"start":{"line":20,"column":18},"end":{"line":52,"column":null}},"line":20},"1":{"name":"(anonymous_1)","decl":{"start":{"line":32,"column":18},"end":{"line":32,"column":24}},"loc":{"start":{"line":32,"column":24},"end":{"line":43,"column":null}},"line":32},"2":{"name":"(anonymous_2)","decl":{"start":{"line":36,"column":23},"end":{"line":36,"column":35}},"loc":{"start":{"line":36,"column":35},"end":{"line":42,"column":7}},"line":36},"3":{"name":"(anonymous_3)","decl":{"start":{"line":47,"column":22},"end":{"line":47,"column":23}},"loc":{"start":{"line":47,"column":33},"end":{"line":47,"column":49}},"line":47},"4":{"name":"(anonymous_4)","decl":{"start":{"line":50,"column":11},"end":{"line":50,"column":17}},"loc":{"start":{"line":50,"column":17},"end":{"line":50,"column":null}},"line":50}},"branchMap":{"0":{"loc":{"start":{"line":19,"column":2},"end":{"line":19,"column":null}},"type":"default-arg","locations":[{"start":{"line":19,"column":26},"end":{"line":19,"column":null}}],"line":19},"1":{"loc":{"start":{"line":21,"column":21},"end":{"line":21,"column":null}},"type":"binary-expr","locations":[{"start":{"line":21,"column":21},"end":{"line":21,"column":43}},{"start":{"line":21,"column":43},"end":{"line":21,"column":null}}],"line":21},"2":{"loc":{"start":{"line":27,"column":26},"end":{"line":27,"column":null}},"type":"binary-expr","locations":[{"start":{"line":27,"column":26},"end":{"line":27,"column":74}},{"start":{"line":27,"column":74},"end":{"line":27,"column":null}}],"line":27},"3":{"loc":{"start":{"line":28,"column":20},"end":{"line":28,"column":null}},"type":"binary-expr","locations":[{"start":{"line":28,"column":20},"end":{"line":28,"column":62}},{"start":{"line":28,"column":62},"end":{"line":28,"column":null}}],"line":28},"4":{"loc":{"start":{"line":33,"column":4},"end":{"line":35,"column":null}},"type":"if","locations":[{"start":{"line":33,"column":4},"end":{"line":35,"column":null}},{"start":{},"end":{}}],"line":33}},"s":{"0":1,"1":0,"2":0,"3":0,"4":0,"5":0,"6":0,"7":0,"8":0,"9":0,"10":0,"11":0,"12":0,"13":0,"14":0,"15":0},"f":{"0":0,"1":0,"2":0,"3":0,"4":0},"b":{"0":[0],"1":[0,0],"2":[0,0],"3":[0,0],"4":[0,0]},"meta":{"lastBranch":5,"lastFunction":5,"lastStatement":16,"seen":{"s:15:25:52:Infinity":0,"f:15:25:15:Infinity":0,"b:19:26:19:Infinity":0,"s:21:21:21:Infinity":1,"b:21:21:21:43:21:43:21:Infinity":1,"s:24:18:30:Infinity":2,"b:27:26:27:74:27:74:27:Infinity":2,"b:28:20:28:62:28:62:28:Infinity":3,"s:32:18:43:Infinity":3,"f:32:18:32:24":1,"b:33:4:35:Infinity:undefined:undefined:undefined:undefined":4,"s:33:4:35:Infinity":4,"s:34:6:34:Infinity":5,"s:36:4:42:Infinity":6,"f:36:23:36:35":2,"s:37:6:41:Infinity":7,"s:38:8:38:Infinity":8,"s:40:8:40:Infinity":9,"s:45:2:45:Infinity":10,"s:46:2:46:Infinity":11,"s:47:2:47:Infinity":12,"f:47:22:47:23":3,"s:47:33:47:49":13,"s:49:2:51:Infinity":14,"f:50:11:50:17":4,"s:50:17:50:Infinity":15}}}
,"D:\\repos\\ironbot\\src\\utils\\logging.ts": {"path":"D:\\repos\\ironbot\\src\\utils\\logging.ts","statementMap":{"0":{"start":{"line":9,"column":21},"end":{"line":14,"column":null}},"1":{"start":{"line":10,"column":2},"end":{"line":12,"column":null}},"2":{"start":{"line":11,"column":4},"end":{"line":11,"column":null}},"3":{"start":{"line":13,"column":2},"end":{"line":13,"column":null}},"4":{"start":{"line":16,"column":21},"end":{"line":29,"column":null}},"5":{"start":{"line":17,"column":16},"end":{"line":17,"column":null}},"6":{"start":{"line":18,"column":22},"end":{"line":20,"column":null}},"7":{"start":{"line":22,"column":2},"end":{"line":28,"column":null}},"8":{"start":{"line":31,"column":20},"end":{"line":31,"column":null}},"9":{"start":{"line":33,"column":28},"end":{"line":36,"column":null}},"10":{"start":{"line":34,"column":2},"end":{"line":34,"column":null}},"11":{"start":{"line":35,"column":2},"end":{"line":35,"column":null}}},"fnMap":{"0":{"name":"(anonymous_0)","decl":{"start":{"line":9,"column":21},"end":{"line":9,"column":22}},"loc":{"start":{"line":9,"column":58},"end":{"line":14,"column":null}},"line":9},"1":{"name":"(anonymous_1)","decl":{"start":{"line":16,"column":21},"end":{"line":16,"column":22}},"loc":{"start":{"line":16,"column":63},"end":{"line":29,"column":null}},"line":16},"2":{"name":"(anonymous_2)","decl":{"start":{"line":33,"column":28},"end":{"line":33,"column":29}},"loc":{"start":{"line":33,"column":75},"end":{"line":36,"column":null}},"line":33}},"branchMap":{"0":{"loc":{"start":{"line":10,"column":2},"end":{"line":12,"column":null}},"type":"if","locations":[{"start":{"line":10,"column":2},"end":{"line":12,"column":null}},{"start":{},"end":{}}],"line":10},"1":{"loc":{"start":{"line":13,"column":9},"end":{"line":13,"column":null}},"type":"cond-expr","locations":[{"start":{"line":13,"column":25},"end":{"line":13,"column":35}},{"start":{"line":13,"column":35},"end":{"line":13,"column":null}}],"line":13},"2":{"loc":{"start":{"line":18,"column":22},"end":{"line":20,"column":null}},"type":"cond-expr","locations":[{"start":{"line":19,"column":6},"end":{"line":19,"column":null}},{"start":{"line":20,"column":6},"end":{"line":20,"column":null}}],"line":18},"3":{"loc":{"start":{"line":33,"column":29},"end":{"line":33,"column":75}},"type":"default-arg","locations":[{"start":{"line":33,"column":55},"end":{"line":33,"column":75}}],"line":33}},"s":{"0":1,"1":1,"2":0,"3":1,"4":1,"5":1,"6":1,"7":1,"8":1,"9":1,"10":0,"11":0},"f":{"0":1,"1":1,"2":0},"b":{"0":[0,1],"1":[0,1],"2":[0,1],"3":[0]},"meta":{"lastBranch":4,"lastFunction":3,"lastStatement":12,"seen":{"s:9:21:14:Infinity":0,"f:9:21:9:22":0,"b:10:2:12:Infinity:undefined:undefined:undefined:undefined":0,"s:10:2:12:Infinity":1,"s:11:4:11:Infinity":2,"s:13:2:13:Infinity":3,"b:13:25:13:35:13:35:13:Infinity":1,"s:16:21:29:Infinity":4,"f:16:21:16:22":1,"s:17:16:17:Infinity":5,"s:18:22:20:Infinity":6,"b:19:6:19:Infinity:20:6:20:Infinity":2,"s:22:2:28:Infinity":7,"s:31:20:31:Infinity":8,"s:33:28:36:Infinity":9,"f:33:28:33:29":2,"b:33:55:33:75":3,"s:34:2:34:Infinity":10,"s:35:2:35:Infinity":11}}}
,"D:\\repos\\ironbot\\src\\validation\\permission_policy.ts": {"path":"D:\\repos\\ironbot\\src\\validation\\permission_policy.ts","statementMap":{"0":{"start":{"line":3,"column":30},"end":{"line":11,"column":null}},"1":{"start":{"line":13,"column":26},"end":{"line":18,"column":null}},"2":{"start":{"line":20,"column":38},"end":{"line":55,"column":null}},"3":{"start":{"line":57,"column":40},"end":{"line":57,"column":null}},"4":{"start":{"line":57,"column":60},"end":{"line":57,"column":null}}},"fnMap":{"0":{"name":"(anonymous_0)","decl":{"start":{"line":57,"column":40},"end":{"line":57,"column":41}},"loc":{"start":{"line":57,"column":60},"end":{"line":57,"column":null}},"line":57}},"branchMap":{},"s":{"0":1,"1":1,"2":1,"3":1,"4":3},"f":{"0":3},"b":{},"meta":{"lastBranch":0,"lastFunction":1,"lastStatement":5,"seen":{"s:3:30:11:Infinity":0,"s:13:26:18:Infinity":1,"s:20:38:55:Infinity":2,"s:57:40:57:Infinity":3,"f:57:40:57:41":0,"s:57:60:57:Infinity":4}}}
}
