{"numTotalTestSuites":87,"numPassedTestSuites":81,"numFailedTestSuites":6,"numPendingTestSuites":0,"numTotalTests":115,"numPassedTests":113,"numFailedTests":2,"numPendingTests":0,"numTodoTests":0,"snapshot":{"added":0,"failure":false,"filesAdded":0,"filesRemoved":0,"filesRemovedList":[],"filesUnmatched":0,"filesUpdated":0,"matched":0,"total":0,"unchecked":0,"uncheckedKeysByFile":[],"unmatched":0,"updated":0,"didUpdate":false},"startTime":1769902706152,"success":false,"testResults":[{"assertionResults":[{"ancestorTitles":["CLI flags"],"fullName":"CLI flags parses all supported flags","status":"passed","title":"parses all supported flags","duration":3.633800000000008,"failureMessages":[],"meta":{}},{"ancestorTitles":["CLI flags"],"fullName":"CLI flags leaves optional flags undefined when omitted","status":"passed","title":"leaves optional flags undefined when omitted","duration":0.38570000000001414,"failureMessages":[],"meta":{}}],"startTime":1769902708036,"endTime":1769902708040.3857,"status":"passed","message":"","name":"D:/repos/ironbot/tests/cli/cli_flags.test.ts"},{"assertionResults":[{"ancestorTitles":["permission enforcement"],"fullName":"permission enforcement denies tools outside the allowed list","status":"passed","title":"denies tools outside the allowed list","duration":19.776100000000042,"failureMessages":[],"meta":{}},{"ancestorTitles":["permission enforcement"],"fullName":"permission enforcement denies resource paths that match deny rules","status":"passed","title":"denies resource paths that match deny rules","duration":4.765799999999899,"failureMessages":[],"meta":{}},{"ancestorTitles":["permission enforcement"],"fullName":"permission enforcement enforces tool restriction rules","status":"passed","title":"enforces tool restriction rules","duration":5.058699999999817,"failureMessages":[],"meta":{}}],"startTime":1769902708363,"endTime":1769902708392.0586,"status":"passed","message":"","name":"D:/repos/ironbot/tests/contract/permission_enforcement.test.ts"},{"assertionResults":[{"ancestorTitles":["Permission config hot reload"],"fullName":"Permission config hot reload reloads config when the permissions file changes","status":"passed","title":"reloads config when the permissions file changes","duration":1290.6786000000002,"failureMessages":[],"meta":{}}],"startTime":1769902708341,"endTime":1769902709631.6787,"status":"passed","message":"","name":"D:/repos/ironbot/tests/contract/permission_reload.test.ts"},{"assertionResults":[{"ancestorTitles":["file watcher"],"fullName":"file watcher triggers change callbacks with debounce","status":"passed","title":"triggers change callbacks with debounce","duration":390.1693,"failureMessages":[],"meta":{}}],"startTime":1769902708141,"endTime":1769902708531.1692,"status":"passed","message":"","name":"D:/repos/ironbot/tests/integration/file_watcher.test.ts"},{"assertionResults":[{"ancestorTitles":["main entrypoint"],"fullName":"main entrypoint initializes permissions and starts the watcher","status":"passed","title":"initializes permissions and starts the watcher","duration":364.4199000000001,"failureMessages":[],"meta":{}},{"ancestorTitles":["main entrypoint"],"fullName":"main entrypoint skips health checks when configured","status":"passed","title":"skips health checks when configured","duration":7.01279999999997,"failureMessages":[],"meta":{}},{"ancestorTitles":["main entrypoint"],"fullName":"main entrypoint logs when Slack tokens are missing","status":"passed","title":"logs when Slack tokens are missing","duration":6.022999999999911,"failureMessages":[],"meta":{}}],"startTime":1769902707995,"endTime":1769902708373.023,"status":"passed","message":"","name":"D:/repos/ironbot/tests/integration/main_entrypoint.test.ts"},{"assertionResults":[{"ancestorTitles":["Slack message flow"],"fullName":"Slack message flow routes app_mention events to the message router","status":"passed","title":"routes app_mention events to the message router","duration":3.95780000000002,"failureMessages":[],"meta":{}},{"ancestorTitles":["Slack message flow"],"fullName":"Slack message flow routes direct messages to the message router","status":"passed","title":"routes direct messages to the message router","duration":0.5295999999999594,"failureMessages":[],"meta":{}},{"ancestorTitles":["Slack message flow"],"fullName":"Slack message flow ignores non-direct message events","status":"passed","title":"ignores non-direct message events","duration":0.35300000000000864,"failureMessages":[],"meta":{}}],"startTime":1769902708144,"endTime":1769902708149.353,"status":"passed","message":"","name":"D:/repos/ironbot/tests/integration/message_flow.test.ts"},{"assertionResults":[{"ancestorTitles":["quickstart workflow"],"fullName":"quickstart workflow exposes the expected npm scripts","status":"passed","title":"exposes the expected npm scripts","duration":2.403899999999993,"failureMessages":[],"meta":{}}],"startTime":1769902708395,"endTime":1769902708397.4038,"status":"passed","message":"","name":"D:/repos/ironbot/tests/integration/quickstart.test.ts"},{"assertionResults":[{"ancestorTitles":["Rate Limiting Integration","end-to-end message processing"],"fullName":"Rate Limiting Integration end-to-end message processing processes messages with rate limiting","status":"passed","title":"processes messages with rate limiting","duration":17.547900000000027,"failureMessages":[],"meta":{}},{"ancestorTitles":["Rate Limiting Integration","end-to-end message processing"],"fullName":"Rate Limiting Integration end-to-end message processing handles rate limiting gracefully","status":"passed","title":"handles rate limiting gracefully","duration":508.6806999999999,"failureMessages":[],"meta":{}},{"ancestorTitles":["Rate Limiting Integration","end-to-end message processing"],"fullName":"Rate Limiting Integration end-to-end message processing uses async file operations for transcripts","status":"passed","title":"uses async file operations for transcripts","duration":4.140599999999722,"failureMessages":[],"meta":{}},{"ancestorTitles":["Rate Limiting Integration","service integration"],"fullName":"Rate Limiting Integration service integration all services work together without conflicts","status":"passed","title":"all services work together without conflicts","duration":25.767299999999977,"failureMessages":[],"meta":{}},{"ancestorTitles":["Rate Limiting Integration","service integration"],"fullName":"Rate Limiting Integration service integration respects service dependencies","status":"passed","title":"respects service dependencies","duration":0.8931000000002314,"failureMessages":[],"meta":{}},{"ancestorTitles":["Rate Limiting Integration","service integration"],"fullName":"Rate Limiting Integration service integration handles service failures gracefully","status":"failed","title":"handles service failures gracefully","duration":5006.2022,"failureMessages":["Error: STACK_TRACE_ERROR\n    at task (file:///D:/repos/ironbot/node_modules/@vitest/runner/dist/index.js:796:27)\n    at Object.<anonymous> (file:///D:/repos/ironbot/node_modules/@vitest/runner/dist/index.js:823:16)\n    at Object.<anonymous> (file:///D:/repos/ironbot/node_modules/@vitest/runner/dist/index.js:615:28)\n    at chain (file:///D:/repos/ironbot/node_modules/@vitest/runner/dist/chunk-tasks.js:9:14)\n    at D:/repos/ironbot/tests/integration/rate_limiting_integration.test.ts:192:5\n    at file:///D:/repos/ironbot/node_modules/@vitest/runner/dist/index.js:901:40\n    at runWithSuite (file:///D:/repos/ironbot/node_modules/@vitest/runner/dist/index.js:1195:8)\n    at Object.collect (file:///D:/repos/ironbot/node_modules/@vitest/runner/dist/index.js:901:10)\n    at Object.collect (file:///D:/repos/ironbot/node_modules/@vitest/runner/dist/index.js:905:54)\n    at processTicksAndRejections (node:internal/process/task_queues:103:5)\n    at Object.collect (file:///D:/repos/ironbot/node_modules/@vitest/runner/dist/index.js:905:46)\n    at file:///D:/repos/ironbot/node_modules/@vitest/runner/dist/index.js:1390:26\n    at collectTests (file:///D:/repos/ironbot/node_modules/@vitest/runner/dist/index.js:1365:3)\n    at startTests (file:///D:/repos/ironbot/node_modules/@vitest/runner/dist/index.js:1937:17)\n    at file:///D:/repos/ironbot/node_modules/vitest/dist/chunks/base.CJ0Y4ePK.js:86:26"],"meta":{}},{"ancestorTitles":["Rate Limiting Integration","configuration integration"],"fullName":"Rate Limiting Integration configuration integration uses config values correctly","status":"passed","title":"uses config values correctly","duration":0.7739000000001397,"failureMessages":[],"meta":{}}],"startTime":1769902708342,"endTime":1769902713905.774,"status":"failed","message":"","name":"D:/repos/ironbot/tests/integration/rate_limiting_integration.test.ts"},{"assertionResults":[{"ancestorTitles":["release check"],"fullName":"release check fails when permissions config is invalid","status":"passed","title":"fails when permissions config is invalid","duration":8.149599999999964,"failureMessages":[],"meta":{}},{"ancestorTitles":["release check"],"fullName":"release check fails when permissions config is missing","status":"passed","title":"fails when permissions config is missing","duration":1.7998999999999796,"failureMessages":[],"meta":{}},{"ancestorTitles":["release check"],"fullName":"release check passes when permissions config is valid","status":"passed","title":"passes when permissions config is valid","duration":3.8611000000000786,"failureMessages":[],"meta":{}}],"startTime":1769902708329,"endTime":1769902708342.861,"status":"passed","message":"","name":"D:/repos/ironbot/tests/integration/release_check.test.ts"},{"assertionResults":[{"ancestorTitles":["skill execution"],"fullName":"skill execution loads JavaScript skill modules from disk","status":"passed","title":"loads JavaScript skill modules from disk","duration":23.867700000000013,"failureMessages":[],"meta":{}},{"ancestorTitles":["skill execution"],"fullName":"skill execution skips skills blocked by permission rules","status":"passed","title":"skips skills blocked by permission rules","duration":5.781700000000001,"failureMessages":[],"meta":{}},{"ancestorTitles":["skill execution"],"fullName":"skill execution skips underscore-prefixed skill files","status":"passed","title":"skips underscore-prefixed skill files","duration":3.8829000000000633,"failureMessages":[],"meta":{}}],"startTime":1769902708362,"endTime":1769902708394.8828,"status":"passed","message":"","name":"D:/repos/ironbot/tests/integration/skill_execution.test.ts"},{"assertionResults":[{"ancestorTitles":["tool roundtrip"],"fullName":"tool roundtrip writes, reads, and lists files via tool executor","status":"passed","title":"writes, reads, and lists files via tool executor","duration":24.25360000000012,"failureMessages":[],"meta":{}}],"startTime":1769902708362,"endTime":1769902708386.2537,"status":"passed","message":"","name":"D:/repos/ironbot/tests/integration/tool_roundtrip.test.ts"},{"assertionResults":[{"ancestorTitles":["AsyncFileManager","writeFile"],"fullName":"AsyncFileManager writeFile writes files asynchronously","status":"passed","title":"writes files asynchronously","duration":13.919800000000123,"failureMessages":[],"meta":{}},{"ancestorTitles":["AsyncFileManager","writeFile"],"fullName":"AsyncFileManager writeFile creates necessary directories","status":"passed","title":"creates necessary directories","duration":6.899899999999889,"failureMessages":[],"meta":{}},{"ancestorTitles":["AsyncFileManager","appendFile"],"fullName":"AsyncFileManager appendFile appends to existing files","status":"passed","title":"appends to existing files","duration":3.9272000000000844,"failureMessages":[],"meta":{}},{"ancestorTitles":["AsyncFileManager","appendFile"],"fullName":"AsyncFileManager appendFile creates file if it doesn't exist","status":"passed","title":"creates file if it doesn't exist","duration":3.1674000000000433,"failureMessages":[],"meta":{}},{"ancestorTitles":["AsyncFileManager","readFile"],"fullName":"AsyncFileManager readFile reads files asynchronously","status":"passed","title":"reads files asynchronously","duration":2.2620999999999185,"failureMessages":[],"meta":{}},{"ancestorTitles":["AsyncFileManager","bufferWrite"],"fullName":"AsyncFileManager bufferWrite buffers writes for batching","status":"passed","title":"buffers writes for batching","duration":2.483500000000049,"failureMessages":[],"meta":{}},{"ancestorTitles":["AsyncFileManager","bufferWrite"],"fullName":"AsyncFileManager bufferWrite auto-flushes when buffer gets large","status":"passed","title":"auto-flushes when buffer gets large","duration":26.08920000000012,"failureMessages":[],"meta":{}},{"ancestorTitles":["AsyncFileManager","priority handling"],"fullName":"AsyncFileManager priority handling executes high priority operations first","status":"passed","title":"executes high priority operations first","duration":3.318599999999833,"failureMessages":[],"meta":{}},{"ancestorTitles":["AsyncFileManager","getStats"],"fullName":"AsyncFileManager getStats returns correct statistics","status":"passed","title":"returns correct statistics","duration":1.2351000000001022,"failureMessages":[],"meta":{}},{"ancestorTitles":["AsyncFileManager","getStats"],"fullName":"AsyncFileManager getStats shows active processing","status":"passed","title":"shows active processing","duration":1.9166999999999916,"failureMessages":[],"meta":{}},{"ancestorTitles":["AsyncFileManager","shutdown"],"fullName":"AsyncFileManager shutdown flushes buffered writes on shutdown","status":"passed","title":"flushes buffered writes on shutdown","duration":2.1851000000001477,"failureMessages":[],"meta":{}}],"startTime":1769902708145,"endTime":1769902708213.185,"status":"passed","message":"","name":"D:/repos/ironbot/tests/unit/async_file_manager.test.ts"},{"assertionResults":[{"ancestorTitles":["resolveConfig"],"fullName":"resolveConfig lets CLI args override environment defaults","status":"passed","title":"lets CLI args override environment defaults","duration":3.6894999999999527,"failureMessages":[],"meta":{}},{"ancestorTitles":["resolveConfig"],"fullName":"resolveConfig provides defaults for permissions file, log level, and booleans","status":"passed","title":"provides defaults for permissions file, log level, and booleans","duration":3.690900000000056,"failureMessages":[],"meta":{}}],"startTime":1769902708338,"endTime":1769902708344.691,"status":"passed","message":"","name":"D:/repos/ironbot/tests/unit/config.test.ts"},{"assertionResults":[{"ancestorTitles":["logging"],"fullName":"logging prefers explicit log level over debug flag","status":"passed","title":"prefers explicit log level over debug flag","duration":1.5577000000000112,"failureMessages":[],"meta":{}},{"ancestorTitles":["logging"],"fullName":"logging uses debug level when debug is true and no logLevel provided","status":"passed","title":"uses debug level when debug is true and no logLevel provided","duration":0.19959999999997535,"failureMessages":[],"meta":{}},{"ancestorTitles":["logging"],"fullName":"logging creates a destination when logFile is provided","status":"passed","title":"creates a destination when logFile is provided","duration":1.605700000000013,"failureMessages":[],"meta":{}}],"startTime":1769902708146,"endTime":1769902708149.6057,"status":"passed","message":"","name":"D:/repos/ironbot/tests/unit/logging.test.ts"},{"assertionResults":[{"ancestorTitles":["memory config defaults"],"fullName":"memory config defaults uses openclaw default memory search weights","status":"passed","title":"uses openclaw default memory search weights","duration":2.4956999999999994,"failureMessages":[],"meta":{}},{"ancestorTitles":["memory config defaults"],"fullName":"memory config defaults selects local embeddings by default with auto provider","status":"passed","title":"selects local embeddings by default with auto provider","duration":0.4181000000000097,"failureMessages":[],"meta":{}},{"ancestorTitles":["memory config defaults"],"fullName":"memory config defaults falls back to none when openai provider is missing credentials","status":"passed","title":"falls back to none when openai provider is missing credentials","duration":0.40270000000001005,"failureMessages":[],"meta":{}}],"startTime":1769902708395,"endTime":1769902708398.4182,"status":"passed","message":"","name":"D:/repos/ironbot/tests/unit/memory_config.test.ts"},{"assertionResults":[{"ancestorTitles":["MessageRouter"],"fullName":"MessageRouter posts a delayed thinking indicator and updates with the response","status":"passed","title":"posts a delayed thinking indicator and updates with the response","duration":29.446699999999964,"failureMessages":[],"meta":{}},{"ancestorTitles":["MessageRouter"],"fullName":"MessageRouter falls back to say when no Slack client is provided","status":"passed","title":"falls back to say when no Slack client is provided","duration":12.672199999999975,"failureMessages":[],"meta":{}},{"ancestorTitles":["MessageRouter"],"fullName":"MessageRouter skips messages sent by bots","status":"passed","title":"skips messages sent by bots","duration":1.2081000000000586,"failureMessages":[],"meta":{}},{"ancestorTitles":["MessageRouter"],"fullName":"MessageRouter handles processing errors and updates the thinking message","status":"passed","title":"handles processing errors and updates the thinking message","duration":10.740099999999984,"failureMessages":[],"meta":{}}],"startTime":1769902708356,"endTime":1769902708410.74,"status":"passed","message":"","name":"D:/repos/ironbot/tests/unit/message_router.test.ts"},{"assertionResults":[{"ancestorTitles":["PermissionManager"],"fullName":"PermissionManager enforces allowed tool patterns","status":"passed","title":"enforces allowed tool patterns","duration":15.496499999999969,"failureMessages":[],"meta":{}},{"ancestorTitles":["PermissionManager"],"fullName":"PermissionManager denies resource paths matching deny rules","status":"passed","title":"denies resource paths matching deny rules","duration":4.760099999999966,"failureMessages":[],"meta":{}},{"ancestorTitles":["PermissionManager"],"fullName":"PermissionManager supports wildcard tool patterns","status":"passed","title":"supports wildcard tool patterns","duration":5.6185999999997875,"failureMessages":[],"meta":{}},{"ancestorTitles":["PermissionManager"],"fullName":"PermissionManager defaults to deny when the config file is missing","status":"passed","title":"defaults to deny when the config file is missing","duration":1.2372000000000298,"failureMessages":[],"meta":{}},{"ancestorTitles":["PermissionManager"],"fullName":"PermissionManager defaults to deny when the config file is empty","status":"passed","title":"defaults to deny when the config file is empty","duration":2.4487000000001444,"failureMessages":[],"meta":{}}],"startTime":1769902708343,"endTime":1769902708372.4487,"status":"passed","message":"","name":"D:/repos/ironbot/tests/unit/permission_manager.test.ts"},{"assertionResults":[{"ancestorTitles":["RateLimiter","canMakeRequest"],"fullName":"RateLimiter canMakeRequest allows requests within rate limit","status":"passed","title":"allows requests within rate limit","duration":1.6339000000000397,"failureMessages":[],"meta":{}},{"ancestorTitles":["RateLimiter","canMakeRequest"],"fullName":"RateLimiter canMakeRequest blocks requests that exceed burst capacity","status":"passed","title":"blocks requests that exceed burst capacity","duration":0.2638999999999214,"failureMessages":[],"meta":{}},{"ancestorTitles":["RateLimiter","canMakeRequest"],"fullName":"RateLimiter canMakeRequest respects different limits per API method","status":"passed","title":"respects different limits per API method","duration":0.3219000000001415,"failureMessages":[],"meta":{}},{"ancestorTitles":["RateLimiter","canMakeRequest"],"fullName":"RateLimiter canMakeRequest allows all requests when disabled","status":"passed","title":"allows all requests when disabled","duration":0.2950999999998203,"failureMessages":[],"meta":{}},{"ancestorTitles":["RateLimiter","getWaitTime"],"fullName":"RateLimiter getWaitTime returns 0 when request can proceed immediately","status":"passed","title":"returns 0 when request can proceed immediately","duration":0.17879999999991014,"failureMessages":[],"meta":{}},{"ancestorTitles":["RateLimiter","getWaitTime"],"fullName":"RateLimiter getWaitTime returns positive wait time when rate limited","status":"passed","title":"returns positive wait time when rate limited","duration":0.23680000000013024,"failureMessages":[],"meta":{}},{"ancestorTitles":["RateLimiter","waitForRequest"],"fullName":"RateLimiter waitForRequest resolves immediately when request can proceed","status":"passed","title":"resolves immediately when request can proceed","duration":0.25680000000011205,"failureMessages":[],"meta":{}},{"ancestorTitles":["RateLimiter","waitForRequest"],"fullName":"RateLimiter waitForRequest waits when rate limited","status":"passed","title":"waits when rate limited","duration":511.7569000000001,"failureMessages":[],"meta":{}},{"ancestorTitles":["RateLimiter","consumeToken"],"fullName":"RateLimiter consumeToken consumes tokens when called","status":"passed","title":"consumes tokens when called","duration":0.19279999999980646,"failureMessages":[],"meta":{}},{"ancestorTitles":["RateLimiter","consumeToken"],"fullName":"RateLimiter consumeToken does nothing when disabled","status":"passed","title":"does nothing when disabled","duration":0.06199999999989814,"failureMessages":[],"meta":{}},{"ancestorTitles":["RateLimiter","getStatus"],"fullName":"RateLimiter getStatus returns status for all API methods","status":"passed","title":"returns status for all API methods","duration":0.27140000000008513,"failureMessages":[],"meta":{}},{"ancestorTitles":["RateLimiter","updateConfig"],"fullName":"RateLimiter updateConfig updates configuration at runtime","status":"passed","title":"updates configuration at runtime","duration":0.10719999999992069,"failureMessages":[],"meta":{}},{"ancestorTitles":["RateLimiter","token refill"],"fullName":"RateLimiter token refill refills tokens over time","status":"passed","title":"refills tokens over time","duration":552.3377,"failureMessages":[],"meta":{}}],"startTime":1769902708144,"endTime":1769902709212.3376,"status":"passed","message":"","name":"D:/repos/ironbot/tests/unit/rate_limiter.test.ts"},{"assertionResults":[{"ancestorTitles":["RequestQueue","enqueue"],"fullName":"RequestQueue enqueue executes requests immediately when under concurrency limit","status":"passed","title":"executes requests immediately when under concurrency limit","duration":27.814499999999953,"failureMessages":[],"meta":{}},{"ancestorTitles":["RequestQueue","enqueue"],"fullName":"RequestQueue enqueue queues requests when at concurrency limit","status":"passed","title":"queues requests when at concurrency limit","duration":123.88410000000022,"failureMessages":[],"meta":{}},{"ancestorTitles":["RequestQueue","enqueue"],"fullName":"RequestQueue enqueue respects priority ordering","status":"passed","title":"respects priority ordering","duration":0.1994999999999436,"failureMessages":[],"meta":{}},{"ancestorTitles":["RequestQueue","enqueue"],"fullName":"RequestQueue enqueue rejects when queue is full","status":"passed","title":"rejects when queue is full","duration":204.96450000000004,"failureMessages":[],"meta":{}},{"ancestorTitles":["RequestQueue","circuit breaker","circuit breaker"],"fullName":"RequestQueue circuit breaker circuit breaker opens circuit after repeated failures","status":"passed","title":"opens circuit after repeated failures","duration":0.5591999999999189,"failureMessages":[],"meta":{}},{"ancestorTitles":["RequestQueue","getStats"],"fullName":"RequestQueue getStats returns correct statistics","status":"passed","title":"returns correct statistics","duration":61.54899999999998,"failureMessages":[],"meta":{}},{"ancestorTitles":["RequestQueue","clear"],"fullName":"RequestQueue clear clears all queued requests","status":"passed","title":"clears all queued requests","duration":111.72419999999988,"failureMessages":[],"meta":{}},{"ancestorTitles":["RequestQueue","getPriorityForMethod"],"fullName":"RequestQueue getPriorityForMethod returns correct priorities for API methods","status":"passed","title":"returns correct priorities for API methods","duration":0.2055000000000291,"failureMessages":[],"meta":{}}],"startTime":1769902708146,"endTime":1769902708677.2056,"status":"passed","message":"","name":"D:/repos/ironbot/tests/unit/request_queue.test.ts"},{"assertionResults":[{"ancestorTitles":["RetryManager","executeWithRetry"],"fullName":"RetryManager executeWithRetry returns result on first successful attempt","status":"passed","title":"returns result on first successful attempt","duration":1.860400000000027,"failureMessages":[],"meta":{}},{"ancestorTitles":["RetryManager","executeWithRetry"],"fullName":"RetryManager executeWithRetry retries on failure and eventually succeeds","status":"passed","title":"retries on failure and eventually succeeds","duration":339.5066999999999,"failureMessages":[],"meta":{}},{"ancestorTitles":["RetryManager","executeWithRetry"],"fullName":"RetryManager executeWithRetry gives up after max attempts","status":"passed","title":"gives up after max attempts","duration":775.0835000000002,"failureMessages":[],"meta":{}},{"ancestorTitles":["RetryManager","executeWithRetry"],"fullName":"RetryManager executeWithRetry detects rate limit errors and retries","status":"passed","title":"detects rate limit errors and retries","duration":111.40539999999964,"failureMessages":[],"meta":{}},{"ancestorTitles":["RetryManager","executeWithRetry"],"fullName":"RetryManager executeWithRetry does not retry on non-rate-limit errors immediately","status":"passed","title":"does not retry on non-rate-limit errors immediately","duration":0.3245999999999185,"failureMessages":[],"meta":{}},{"ancestorTitles":["RetryManager","delay calculation"],"fullName":"RetryManager delay calculation calculates increasing delays with backoff","status":"failed","title":"calculates increasing delays with backoff","duration":1589.8323000000005,"failureMessages":["Error: promise resolved \"'success'\" instead of rejecting\n    at _Assertion.__VITEST_REJECTS__ (file:///D:/repos/ironbot/node_modules/@vitest/expect/dist/index.js:1675:17)\n    at _Assertion.propertyGetter (file:///D:/repos/ironbot/node_modules/chai/index.js:1570:27)\n    at Reflect.get (<anonymous>)\n    at Object.proxyGetter [as get] (file:///D:/repos/ironbot/node_modules/chai/index.js:1659:22)\n    at D:/repos/ironbot/tests/unit/retry_manager.test.ts:112:7\n    at file:///D:/repos/ironbot/node_modules/@vitest/runner/dist/index.js:145:11\n    at file:///D:/repos/ironbot/node_modules/@vitest/runner/dist/index.js:915:26\n    at file:///D:/repos/ironbot/node_modules/@vitest/runner/dist/index.js:1243:20\n    at new Promise (<anonymous>)\n    at runWithTimeout (file:///D:/repos/ironbot/node_modules/@vitest/runner/dist/index.js:1209:10)"],"meta":{}},{"ancestorTitles":["RetryManager","delay calculation"],"fullName":"RetryManager delay calculation respects maximum delay limit","status":"passed","title":"respects maximum delay limit","duration":1032.3096999999998,"failureMessages":[],"meta":{}},{"ancestorTitles":["RetryManager","jitter"],"fullName":"RetryManager jitter adds jitter to delay timing","status":"passed","title":"adds jitter to delay timing","duration":2015.5473000000002,"failureMessages":[],"meta":{}},{"ancestorTitles":["RetryManager","getStats"],"fullName":"RetryManager getStats returns correct configuration stats","status":"passed","title":"returns correct configuration stats","duration":0.23630000000048312,"failureMessages":[],"meta":{}},{"ancestorTitles":["RetryManager","updateConfig"],"fullName":"RetryManager updateConfig updates configuration at runtime","status":"passed","title":"updates configuration at runtime","duration":111.42709999999988,"failureMessages":[],"meta":{}}],"startTime":1769902708144,"endTime":1769902714122.427,"status":"failed","message":"","name":"D:/repos/ironbot/tests/unit/retry_manager.test.ts"},{"assertionResults":[{"ancestorTitles":["deriveSlackSessionKey"],"fullName":"deriveSlackSessionKey returns main session for DMs","status":"passed","title":"returns main session for DMs","duration":0.7971000000000004,"failureMessages":[],"meta":{}},{"ancestorTitles":["deriveSlackSessionKey"],"fullName":"deriveSlackSessionKey uses channel and thread for group messages","status":"passed","title":"uses channel and thread for group messages","duration":0.129099999999994,"failureMessages":[],"meta":{}},{"ancestorTitles":["deriveSlackSessionKey"],"fullName":"deriveSlackSessionKey falls back to message ts when thread is missing","status":"passed","title":"falls back to message ts when thread is missing","duration":0.08370000000002165,"failureMessages":[],"meta":{}}],"startTime":1769902708471,"endTime":1769902708472.1292,"status":"passed","message":"","name":"D:/repos/ironbot/tests/unit/session_key.test.ts"},{"assertionResults":[{"ancestorTitles":["session store"],"fullName":"session store creates and updates a session entry","status":"passed","title":"creates and updates a session entry","duration":16.796800000000076,"failureMessages":[],"meta":{}}],"startTime":1769902708036,"endTime":1769902708052.7969,"status":"passed","message":"","name":"D:/repos/ironbot/tests/unit/session_store.test.ts"},{"assertionResults":[{"ancestorTitles":["SlackApiOptimizer","debounce"],"fullName":"SlackApiOptimizer debounce executes operation immediately on first call","status":"passed","title":"executes operation immediately on first call","duration":8.684300000000007,"failureMessages":[],"meta":{}},{"ancestorTitles":["SlackApiOptimizer","debounce"],"fullName":"SlackApiOptimizer debounce cancels previous call when debounced again","status":"passed","title":"cancels previous call when debounced again","duration":0.8312000000000808,"failureMessages":[],"meta":{}},{"ancestorTitles":["SlackApiOptimizer","debounce"],"fullName":"SlackApiOptimizer debounce handles different keys independently","status":"passed","title":"handles different keys independently","duration":0.6683000000000447,"failureMessages":[],"meta":{}},{"ancestorTitles":["SlackApiOptimizer","cancelDebounce"],"fullName":"SlackApiOptimizer cancelDebounce cancels debounced operation","status":"passed","title":"cancels debounced operation","duration":0.5185000000000173,"failureMessages":[],"meta":{}},{"ancestorTitles":["SlackApiOptimizer","setTypingIndicator"],"fullName":"SlackApiOptimizer setTypingIndicator sets typing status and clears it after duration","status":"passed","title":"sets typing status and clears it after duration","duration":0.7478999999999587,"failureMessages":[],"meta":{}},{"ancestorTitles":["SlackApiOptimizer","setTypingIndicator"],"fullName":"SlackApiOptimizer setTypingIndicator cancels previous typing indicator for same channel/thread","status":"passed","title":"cancels previous typing indicator for same channel/thread","duration":0.541300000000092,"failureMessages":[],"meta":{}},{"ancestorTitles":["SlackApiOptimizer","setTypingIndicator"],"fullName":"SlackApiOptimizer setTypingIndicator handles different channels independently","status":"passed","title":"handles different channels independently","duration":0.6077000000000226,"failureMessages":[],"meta":{}},{"ancestorTitles":["SlackApiOptimizer","clearTypingIndicator"],"fullName":"SlackApiOptimizer clearTypingIndicator clears specific typing indicator","status":"passed","title":"clears specific typing indicator","duration":0.39999999999997726,"failureMessages":[],"meta":{}},{"ancestorTitles":["SlackApiOptimizer","batchOperations"],"fullName":"SlackApiOptimizer batchOperations executes operations in batches","status":"passed","title":"executes operations in batches","duration":0.45299999999997453,"failureMessages":[],"meta":{}},{"ancestorTitles":["SlackApiOptimizer","batchOperations"],"fullName":"SlackApiOptimizer batchOperations handles operation failures","status":"passed","title":"handles operation failures","duration":2.123100000000022,"failureMessages":[],"meta":{}},{"ancestorTitles":["SlackApiOptimizer","getStats"],"fullName":"SlackApiOptimizer getStats returns correct statistics","status":"passed","title":"returns correct statistics","duration":0.9861999999999398,"failureMessages":[],"meta":{}},{"ancestorTitles":["SlackApiOptimizer","shutdown"],"fullName":"SlackApiOptimizer shutdown clears all operations and indicators","status":"passed","title":"clears all operations and indicators","duration":0.6625999999999976,"failureMessages":[],"meta":{}}],"startTime":1769902708145,"endTime":1769902708162.6626,"status":"passed","message":"","name":"D:/repos/ironbot/tests/unit/slack_api_optimizer.test.ts"},{"assertionResults":[{"ancestorTitles":["ToolExecutor"],"fullName":"ToolExecutor returns an error for unknown tools","status":"passed","title":"returns an error for unknown tools","duration":21.413800000000037,"failureMessages":[],"meta":{}},{"ancestorTitles":["ToolExecutor"],"fullName":"ToolExecutor denies resource paths blocked by permissions","status":"passed","title":"denies resource paths blocked by permissions","duration":3.8272000000001754,"failureMessages":[],"meta":{}},{"ancestorTitles":["ToolExecutor"],"fullName":"ToolExecutor blocks unsafe commands before execution","status":"passed","title":"blocks unsafe commands before execution","duration":3.90969999999993,"failureMessages":[],"meta":{}},{"ancestorTitles":["ToolExecutor"],"fullName":"ToolExecutor enforces allowed_commands restrictions","status":"passed","title":"enforces allowed_commands restrictions","duration":3.3985000000000127,"failureMessages":[],"meta":{}},{"ancestorTitles":["ToolExecutor"],"fullName":"ToolExecutor enforces blocked_commands restrictions","status":"passed","title":"enforces blocked_commands restrictions","duration":2.78650000000016,"failureMessages":[],"meta":{}},{"ancestorTitles":["ToolExecutor"],"fullName":"ToolExecutor enforces allowed_paths restrictions","status":"passed","title":"enforces allowed_paths restrictions","duration":3.842200000000048,"failureMessages":[],"meta":{}},{"ancestorTitles":["ToolExecutor"],"fullName":"ToolExecutor clamps timeouts to restriction maximums","status":"passed","title":"clamps timeouts to restriction maximums","duration":6.63110000000006,"failureMessages":[],"meta":{}}],"startTime":1769902708362,"endTime":1769902708408.631,"status":"passed","message":"","name":"D:/repos/ironbot/tests/unit/tool_executor.test.ts"},{"assertionResults":[{"ancestorTitles":["transcripts"],"fullName":"transcripts writes a session header and appends messages","status":"passed","title":"writes a session header and appends messages","duration":18.025700000000143,"failureMessages":[],"meta":{}}],"startTime":1769902708340,"endTime":1769902708358.0256,"status":"passed","message":"","name":"D:/repos/ironbot/tests/unit/transcript.test.ts"},{"assertionResults":[{"ancestorTitles":["validation"],"fullName":"validation accepts a valid permission policy shape","status":"passed","title":"accepts a valid permission policy shape","duration":3.362700000000018,"failureMessages":[],"meta":{}},{"ancestorTitles":["validation"],"fullName":"validation rejects invalid permission policy shapes","status":"passed","title":"rejects invalid permission policy shapes","duration":0.9193000000000211,"failureMessages":[],"meta":{}},{"ancestorTitles":["validation"],"fullName":"validation validates tool request shapes","status":"passed","title":"validates tool request shapes","duration":0.319500000000005,"failureMessages":[],"meta":{}},{"ancestorTitles":["validation"],"fullName":"validation rejects tool requests missing required fields","status":"passed","title":"rejects tool requests missing required fields","duration":0.2565000000000168,"failureMessages":[],"meta":{}}],"startTime":1769902708148,"endTime":1769902708153.2566,"status":"passed","message":"","name":"D:/repos/ironbot/tests/unit/validation.test.ts"}],"coverageMap":{"D:\\repos\\ironbot\\src\\cli\\args.ts":{"path":"D:\\repos\\ironbot\\src\\cli\\args.ts","statementMap":{"0":{"start":{"line":4,"column":28},"end":{"line":25,"column":null}},"1":{"start":{"line":5,"column":18},"end":{"line":5,"column":null}},"2":{"start":{"line":7,"column":2},"end":{"line":12,"column":null}},"3":{"start":{"line":14,"column":2},"end":{"line":14,"column":null}},"4":{"start":{"line":16,"column":18},"end":{"line":16,"column":null}},"5":{"start":{"line":18,"column":2},"end":{"line":24,"column":null}}},"fnMap":{"0":{"name":"(anonymous_0)","decl":{"start":{"line":4,"column":28},"end":{"line":4,"column":29}},"loc":{"start":{"line":4,"column":81},"end":{"line":25,"column":null}},"line":4}},"branchMap":{"0":{"loc":{"start":{"line":4,"column":29},"end":{"line":4,"column":81}},"type":"default-arg","locations":[{"start":{"line":4,"column":46},"end":{"line":4,"column":81}}],"line":4}},"s":{"0":1,"1":2,"2":2,"3":2,"4":2,"5":2},"f":{"0":2},"b":{"0":[2]},"meta":{"lastBranch":1,"lastFunction":1,"lastStatement":6,"seen":{"s:4:28:25:Infinity":0,"f:4:28:4:29":0,"b:4:46:4:81":0,"s:5:18:5:Infinity":1,"s:7:2:12:Infinity":2,"s:14:2:14:Infinity":3,"s:16:18:16:Infinity":4,"s:18:2:24:Infinity":5}}},"D:\\repos\\ironbot\\src\\cli\\check_release.ts":{"path":"D:\\repos\\ironbot\\src\\cli\\check_release.ts","statementMap":{"0":{"start":{"line":7,"column":31},"end":{"line":22,"column":null}},"1":{"start":{"line":8,"column":2},"end":{"line":11,"column":null}},"2":{"start":{"line":9,"column":4},"end":{"line":9,"column":null}},"3":{"start":{"line":10,"column":4},"end":{"line":10,"column":null}},"4":{"start":{"line":13,"column":2},"end":{"line":21,"column":null}},"5":{"start":{"line":14,"column":10},"end":{"line":14,"column":null}},"6":{"start":{"line":15,"column":4},"end":{"line":15,"column":null}},"7":{"start":{"line":16,"column":4},"end":{"line":16,"column":null}},"8":{"start":{"line":17,"column":4},"end":{"line":17,"column":null}},"9":{"start":{"line":19,"column":4},"end":{"line":19,"column":null}},"10":{"start":{"line":20,"column":4},"end":{"line":20,"column":null}},"11":{"start":{"line":24,"column":13},"end":{"line":32,"column":null}},"12":{"start":{"line":25,"column":18},"end":{"line":25,"column":null}},"13":{"start":{"line":26,"column":2},"end":{"line":26,"column":null}},"14":{"start":{"line":27,"column":2},"end":{"line":27,"column":null}},"15":{"start":{"line":28,"column":18},"end":{"line":28,"column":null}},"16":{"start":{"line":30,"column":13},"end":{"line":30,"column":null}},"17":{"start":{"line":31,"column":2},"end":{"line":31,"column":null}},"18":{"start":{"line":34,"column":0},"end":{"line":34,"column":null}}},"fnMap":{"0":{"name":"(anonymous_0)","decl":{"start":{"line":7,"column":31},"end":{"line":7,"column":32}},"loc":{"start":{"line":7,"column":69},"end":{"line":22,"column":null}},"line":7},"1":{"name":"(anonymous_1)","decl":{"start":{"line":24,"column":13},"end":{"line":24,"column":19}},"loc":{"start":{"line":24,"column":19},"end":{"line":32,"column":null}},"line":24}},"branchMap":{"0":{"loc":{"start":{"line":8,"column":2},"end":{"line":11,"column":null}},"type":"if","locations":[{"start":{"line":8,"column":2},"end":{"line":11,"column":null}},{"start":{},"end":{}}],"line":8},"1":{"loc":{"start":{"line":31,"column":21},"end":{"line":31,"column":null}},"type":"cond-expr","locations":[{"start":{"line":31,"column":26},"end":{"line":31,"column":30}},{"start":{"line":31,"column":30},"end":{"line":31,"column":null}}],"line":31}},"s":{"0":1,"1":4,"2":1,"3":1,"4":3,"5":3,"6":3,"7":3,"8":3,"9":1,"10":1,"11":1,"12":1,"13":1,"14":1,"15":1,"16":1,"17":1,"18":1},"f":{"0":4,"1":1},"b":{"0":[1,3],"1":[1,0]},"meta":{"lastBranch":2,"lastFunction":2,"lastStatement":19,"seen":{"s:7:31:22:Infinity":0,"f:7:31:7:32":0,"b:8:2:11:Infinity:undefined:undefined:undefined:undefined":0,"s:8:2:11:Infinity":1,"s:9:4:9:Infinity":2,"s:10:4:10:Infinity":3,"s:13:2:21:Infinity":4,"s:14:10:14:Infinity":5,"s:15:4:15:Infinity":6,"s:16:4:16:Infinity":7,"s:17:4:17:Infinity":8,"s:19:4:19:Infinity":9,"s:20:4:20:Infinity":10,"s:24:13:32:Infinity":11,"f:24:13:24:19":1,"s:25:18:25:Infinity":12,"s:26:2:26:Infinity":13,"s:27:2:27:Infinity":14,"s:28:18:28:Infinity":15,"s:30:13:30:Infinity":16,"s:31:2:31:Infinity":17,"b:31:26:31:30:31:30:31:Infinity":1,"s:34:0:34:Infinity":18}}},"D:\\repos\\ironbot\\src\\config.ts":{"path":"D:\\repos\\ironbot\\src\\config.ts","statementMap":{"0":{"start":{"line":11,"column":0},"end":{"line":11,"column":null}},"1":{"start":{"line":15,"column":21},"end":{"line":19,"column":null}},"2":{"start":{"line":16,"column":2},"end":{"line":16,"column":null}},"3":{"start":{"line":16,"column":14},"end":{"line":16,"column":null}},"4":{"start":{"line":17,"column":21},"end":{"line":17,"column":null}},"5":{"start":{"line":18,"column":2},"end":{"line":18,"column":null}},"6":{"start":{"line":21,"column":20},"end":{"line":25,"column":null}},"7":{"start":{"line":22,"column":2},"end":{"line":22,"column":null}},"8":{"start":{"line":22,"column":14},"end":{"line":22,"column":null}},"9":{"start":{"line":23,"column":17},"end":{"line":23,"column":null}},"10":{"start":{"line":24,"column":2},"end":{"line":24,"column":null}},"11":{"start":{"line":27,"column":21},"end":{"line":30,"column":null}},"12":{"start":{"line":28,"column":17},"end":{"line":28,"column":null}},"13":{"start":{"line":29,"column":2},"end":{"line":29,"column":null}},"14":{"start":{"line":32,"column":25},"end":{"line":39,"column":null}},"15":{"start":{"line":33,"column":2},"end":{"line":33,"column":null}},"16":{"start":{"line":33,"column":14},"end":{"line":33,"column":null}},"17":{"start":{"line":34,"column":16},"end":{"line":37,"column":null}},"18":{"start":{"line":36,"column":19},"end":{"line":36,"column":30}},"19":{"start":{"line":38,"column":2},"end":{"line":38,"column":null}},"20":{"start":{"line":43,"column":31},"end":{"line":49,"column":null}},"21":{"start":{"line":44,"column":21},"end":{"line":44,"column":null}},"22":{"start":{"line":45,"column":2},"end":{"line":47,"column":null}},"23":{"start":{"line":46,"column":4},"end":{"line":46,"column":null}},"24":{"start":{"line":48,"column":2},"end":{"line":48,"column":null}},"25":{"start":{"line":132,"column":29},"end":{"line":132,"column":null}},"26":{"start":{"line":133,"column":29},"end":{"line":133,"column":null}},"27":{"start":{"line":134,"column":28},"end":{"line":134,"column":null}},"28":{"start":{"line":136,"column":23},"end":{"line":211,"column":null}},"29":{"start":{"line":137,"column":8},"end":{"line":137,"column":null}},"30":{"start":{"line":138,"column":27},"end":{"line":138,"column":null}},"31":{"start":{"line":139,"column":8},"end":{"line":141,"column":null}},"32":{"start":{"line":142,"column":8},"end":{"line":144,"column":null}},"33":{"start":{"line":145,"column":8},"end":{"line":147,"column":null}},"34":{"start":{"line":149,"column":2},"end":{"line":210,"column":null}},"35":{"start":{"line":213,"column":29},"end":{"line":224,"column":null}},"36":{"start":{"line":214,"column":15},"end":{"line":214,"column":null}},"37":{"start":{"line":216,"column":2},"end":{"line":223,"column":null}}},"fnMap":{"0":{"name":"(anonymous_0)","decl":{"start":{"line":15,"column":21},"end":{"line":15,"column":22}},"loc":{"start":{"line":15,"column":79},"end":{"line":19,"column":null}},"line":15},"1":{"name":"(anonymous_1)","decl":{"start":{"line":21,"column":20},"end":{"line":21,"column":21}},"loc":{"start":{"line":21,"column":77},"end":{"line":25,"column":null}},"line":21},"2":{"name":"(anonymous_2)","decl":{"start":{"line":27,"column":21},"end":{"line":27,"column":22}},"loc":{"start":{"line":27,"column":78},"end":{"line":30,"column":null}},"line":27},"3":{"name":"(anonymous_3)","decl":{"start":{"line":32,"column":25},"end":{"line":32,"column":26}},"loc":{"start":{"line":32,"column":86},"end":{"line":39,"column":null}},"line":32},"4":{"name":"(anonymous_4)","decl":{"start":{"line":36,"column":9},"end":{"line":36,"column":10}},"loc":{"start":{"line":36,"column":19},"end":{"line":36,"column":30}},"line":36},"5":{"name":"(anonymous_5)","decl":{"start":{"line":43,"column":31},"end":{"line":43,"column":32}},"loc":{"start":{"line":43,"column":110},"end":{"line":49,"column":null}},"line":43},"6":{"name":"(anonymous_6)","decl":{"start":{"line":136,"column":23},"end":{"line":136,"column":40}},"loc":{"start":{"line":136,"column":40},"end":{"line":211,"column":null}},"line":136},"7":{"name":"(anonymous_7)","decl":{"start":{"line":213,"column":29},"end":{"line":213,"column":30}},"loc":{"start":{"line":213,"column":67},"end":{"line":224,"column":null}},"line":213}},"branchMap":{"0":{"loc":{"start":{"line":15,"column":49},"end":{"line":15,"column":79}},"type":"default-arg","locations":[{"start":{"line":15,"column":60},"end":{"line":15,"column":79}}],"line":15},"1":{"loc":{"start":{"line":16,"column":2},"end":{"line":16,"column":null}},"type":"if","locations":[{"start":{"line":16,"column":2},"end":{"line":16,"column":null}},{"start":{},"end":{}}],"line":16},"2":{"loc":{"start":{"line":18,"column":9},"end":{"line":18,"column":null}},"type":"binary-expr","locations":[{"start":{"line":18,"column":9},"end":{"line":18,"column":34}},{"start":{"line":18,"column":34},"end":{"line":18,"column":null}}],"line":18},"3":{"loc":{"start":{"line":22,"column":2},"end":{"line":22,"column":null}},"type":"if","locations":[{"start":{"line":22,"column":2},"end":{"line":22,"column":null}},{"start":{},"end":{}}],"line":22},"4":{"loc":{"start":{"line":24,"column":9},"end":{"line":24,"column":null}},"type":"cond-expr","locations":[{"start":{"line":24,"column":35},"end":{"line":24,"column":44}},{"start":{"line":24,"column":44},"end":{"line":24,"column":null}}],"line":24},"5":{"loc":{"start":{"line":29,"column":9},"end":{"line":29,"column":null}},"type":"cond-expr","locations":[{"start":{"line":29,"column":35},"end":{"line":29,"column":56}},{"start":{"line":29,"column":56},"end":{"line":29,"column":null}}],"line":29},"6":{"loc":{"start":{"line":33,"column":2},"end":{"line":33,"column":null}},"type":"if","locations":[{"start":{"line":33,"column":2},"end":{"line":33,"column":null}},{"start":{},"end":{}}],"line":33},"7":{"loc":{"start":{"line":38,"column":9},"end":{"line":38,"column":null}},"type":"cond-expr","locations":[{"start":{"line":38,"column":24},"end":{"line":38,"column":32}},{"start":{"line":38,"column":32},"end":{"line":38,"column":null}}],"line":38},"8":{"loc":{"start":{"line":45,"column":2},"end":{"line":47,"column":null}},"type":"if","locations":[{"start":{"line":45,"column":2},"end":{"line":47,"column":null}},{"start":{},"end":{}}],"line":45},"9":{"loc":{"start":{"line":45,"column":6},"end":{"line":45,"column":134}},"type":"binary-expr","locations":[{"start":{"line":45,"column":6},"end":{"line":45,"column":31}},{"start":{"line":45,"column":31},"end":{"line":45,"column":57}},{"start":{"line":45,"column":57},"end":{"line":45,"column":84}},{"start":{"line":45,"column":84},"end":{"line":45,"column":111}},{"start":{"line":45,"column":111},"end":{"line":45,"column":134}}],"line":45},"10":{"loc":{"start":{"line":140,"column":4},"end":{"line":140,"column":null}},"type":"binary-expr","locations":[{"start":{"line":140,"column":4},"end":{"line":140,"column":47}},{"start":{"line":140,"column":16},"end":{"line":140,"column":null}}],"line":140},"11":{"loc":{"start":{"line":143,"column":4},"end":{"line":143,"column":null}},"type":"binary-expr","locations":[{"start":{"line":143,"column":4},"end":{"line":143,"column":52}},{"start":{"line":143,"column":16},"end":{"line":143,"column":null}}],"line":143},"12":{"loc":{"start":{"line":146,"column":4},"end":{"line":146,"column":null}},"type":"binary-expr","locations":[{"start":{"line":146,"column":4},"end":{"line":146,"column":45}},{"start":{"line":146,"column":45},"end":{"line":146,"column":null}}],"line":146},"13":{"loc":{"start":{"line":155,"column":20},"end":{"line":155,"column":null}},"type":"binary-expr","locations":[{"start":{"line":155,"column":20},"end":{"line":155,"column":51}},{"start":{"line":155,"column":51},"end":{"line":155,"column":null}}],"line":155},"14":{"loc":{"start":{"line":156,"column":15},"end":{"line":156,"column":null}},"type":"binary-expr","locations":[{"start":{"line":156,"column":15},"end":{"line":156,"column":41}},{"start":{"line":156,"column":41},"end":{"line":156,"column":null}}],"line":156},"15":{"loc":{"start":{"line":157,"column":21},"end":{"line":157,"column":null}},"type":"binary-expr","locations":[{"start":{"line":157,"column":21},"end":{"line":157,"column":53}},{"start":{"line":157,"column":53},"end":{"line":157,"column":null}}],"line":157},"16":{"loc":{"start":{"line":159,"column":14},"end":{"line":159,"column":null}},"type":"binary-expr","locations":[{"start":{"line":159,"column":14},"end":{"line":159,"column":39}},{"start":{"line":159,"column":39},"end":{"line":159,"column":null}}],"line":159},"17":{"loc":{"start":{"line":166,"column":20},"end":{"line":166,"column":null}},"type":"binary-expr","locations":[{"start":{"line":166,"column":20},"end":{"line":166,"column":58}},{"start":{"line":166,"column":58},"end":{"line":166,"column":null}}],"line":166},"18":{"loc":{"start":{"line":170,"column":36},"end":{"line":170,"column":96}},"type":"binary-expr","locations":[{"start":{"line":170,"column":36},"end":{"line":170,"column":80}},{"start":{"line":170,"column":80},"end":{"line":170,"column":96}}],"line":170},"19":{"loc":{"start":{"line":187,"column":19},"end":{"line":187,"column":null}},"type":"binary-expr","locations":[{"start":{"line":187,"column":19},"end":{"line":187,"column":65}},{"start":{"line":187,"column":65},"end":{"line":187,"column":null}}],"line":187},"20":{"loc":{"start":{"line":193,"column":15},"end":{"line":193,"column":null}},"type":"binary-expr","locations":[{"start":{"line":193,"column":15},"end":{"line":193,"column":62}},{"start":{"line":193,"column":62},"end":{"line":193,"column":null}}],"line":193},"21":{"loc":{"start":{"line":198,"column":15},"end":{"line":198,"column":null}},"type":"binary-expr","locations":[{"start":{"line":198,"column":15},"end":{"line":198,"column":62}},{"start":{"line":198,"column":62},"end":{"line":198,"column":null}}],"line":198},"22":{"loc":{"start":{"line":213,"column":30},"end":{"line":213,"column":67}},"type":"default-arg","locations":[{"start":{"line":213,"column":49},"end":{"line":213,"column":67}}],"line":213},"23":{"loc":{"start":{"line":218,"column":11},"end":{"line":218,"column":null}},"type":"binary-expr","locations":[{"start":{"line":218,"column":11},"end":{"line":218,"column":28}},{"start":{"line":218,"column":28},"end":{"line":218,"column":null}}],"line":218},"24":{"loc":{"start":{"line":219,"column":14},"end":{"line":219,"column":null}},"type":"binary-expr","locations":[{"start":{"line":219,"column":14},"end":{"line":219,"column":34}},{"start":{"line":219,"column":34},"end":{"line":219,"column":null}}],"line":219},"25":{"loc":{"start":{"line":220,"column":13},"end":{"line":220,"column":null}},"type":"binary-expr","locations":[{"start":{"line":220,"column":13},"end":{"line":220,"column":32}},{"start":{"line":220,"column":32},"end":{"line":220,"column":null}}],"line":220},"26":{"loc":{"start":{"line":221,"column":21},"end":{"line":221,"column":null}},"type":"binary-expr","locations":[{"start":{"line":221,"column":21},"end":{"line":221,"column":48}},{"start":{"line":221,"column":48},"end":{"line":221,"column":null}}],"line":221},"27":{"loc":{"start":{"line":222,"column":22},"end":{"line":222,"column":null}},"type":"binary-expr","locations":[{"start":{"line":222,"column":22},"end":{"line":222,"column":50}},{"start":{"line":222,"column":50},"end":{"line":222,"column":null}}],"line":222}},"s":{"0":4,"1":4,"2":115,"3":92,"4":23,"5":23,"6":4,"7":276,"8":276,"9":0,"10":0,"11":4,"12":184,"13":184,"14":4,"15":23,"16":23,"17":0,"18":0,"19":0,"20":4,"21":46,"22":46,"23":2,"24":44,"25":4,"26":4,"27":4,"28":4,"29":23,"30":23,"31":23,"32":23,"33":23,"34":23,"35":4,"36":23,"37":23},"f":{"0":115,"1":276,"2":184,"3":23,"4":0,"5":46,"6":23,"7":23},"b":{"0":[115],"1":[92,23],"2":[23,23],"3":[276,0],"4":[0,0],"5":[184,0],"6":[23,0],"7":[0,0],"8":[2,44],"9":[46,46,46,45,45],"10":[23,23],"11":[23,23],"12":[23,23],"13":[23,0],"14":[23,0],"15":[23,22],"16":[23,22],"17":[23,23],"18":[23,23],"19":[23,23],"20":[23,23],"21":[23,23],"22":[23],"23":[23,22],"24":[23,22],"25":[23,22],"26":[23,22],"27":[23,22]},"meta":{"lastBranch":28,"lastFunction":8,"lastStatement":38,"seen":{"s:11:0:11:Infinity":0,"s:15:21:19:Infinity":1,"f:15:21:15:22":0,"b:15:60:15:79":0,"b:16:2:16:Infinity:undefined:undefined:undefined:undefined":1,"s:16:2:16:Infinity":2,"s:16:14:16:Infinity":3,"s:17:21:17:Infinity":4,"s:18:2:18:Infinity":5,"b:18:9:18:34:18:34:18:Infinity":2,"s:21:20:25:Infinity":6,"f:21:20:21:21":1,"b:22:2:22:Infinity:undefined:undefined:undefined:undefined":3,"s:22:2:22:Infinity":7,"s:22:14:22:Infinity":8,"s:23:17:23:Infinity":9,"s:24:2:24:Infinity":10,"b:24:35:24:44:24:44:24:Infinity":4,"s:27:21:30:Infinity":11,"f:27:21:27:22":2,"s:28:17:28:Infinity":12,"s:29:2:29:Infinity":13,"b:29:35:29:56:29:56:29:Infinity":5,"s:32:25:39:Infinity":14,"f:32:25:32:26":3,"b:33:2:33:Infinity:undefined:undefined:undefined:undefined":6,"s:33:2:33:Infinity":15,"s:33:14:33:Infinity":16,"s:34:16:37:Infinity":17,"f:36:9:36:10":4,"s:36:19:36:30":18,"s:38:2:38:Infinity":19,"b:38:24:38:32:38:32:38:Infinity":7,"s:43:31:49:Infinity":20,"f:43:31:43:32":5,"s:44:21:44:Infinity":21,"b:45:2:47:Infinity:undefined:undefined:undefined:undefined":8,"s:45:2:47:Infinity":22,"b:45:6:45:31:45:31:45:57:45:57:45:84:45:84:45:111:45:111:45:134":9,"s:46:4:46:Infinity":23,"s:48:2:48:Infinity":24,"s:132:29:132:Infinity":25,"s:133:29:133:Infinity":26,"s:134:28:134:Infinity":27,"s:136:23:211:Infinity":28,"f:136:23:136:40":6,"s:137:8:137:Infinity":29,"s:138:27:138:Infinity":30,"s:139:8:141:Infinity":31,"b:140:4:140:47:140:16:140:Infinity":10,"s:142:8:144:Infinity":32,"b:143:4:143:52:143:16:143:Infinity":11,"s:145:8:147:Infinity":33,"b:146:4:146:45:146:45:146:Infinity":12,"s:149:2:210:Infinity":34,"b:155:20:155:51:155:51:155:Infinity":13,"b:156:15:156:41:156:41:156:Infinity":14,"b:157:21:157:53:157:53:157:Infinity":15,"b:159:14:159:39:159:39:159:Infinity":16,"b:166:20:166:58:166:58:166:Infinity":17,"b:170:36:170:80:170:80:170:96":18,"b:187:19:187:65:187:65:187:Infinity":19,"b:193:15:193:62:193:62:193:Infinity":20,"b:198:15:198:62:198:62:198:Infinity":21,"s:213:29:224:Infinity":35,"f:213:29:213:30":7,"b:213:49:213:67":22,"s:214:15:214:Infinity":36,"s:216:2:223:Infinity":37,"b:218:11:218:28:218:28:218:Infinity":23,"b:219:14:219:34:219:34:219:Infinity":24,"b:220:13:220:32:220:32:220:Infinity":25,"b:221:21:221:48:221:48:221:Infinity":26,"b:222:22:222:50:222:50:222:Infinity":27}}},"D:\\repos\\ironbot\\src\\main.ts":{"path":"D:\\repos\\ironbot\\src\\main.ts","statementMap":{"0":{"start":{"line":17,"column":26},"end":{"line":17,"column":null}},"1":{"start":{"line":19,"column":24},"end":{"line":30,"column":null}},"2":{"start":{"line":20,"column":2},"end":{"line":29,"column":null}},"3":{"start":{"line":22,"column":6},"end":{"line":22,"column":null}},"4":{"start":{"line":24,"column":6},"end":{"line":24,"column":null}},"5":{"start":{"line":26,"column":6},"end":{"line":26,"column":null}},"6":{"start":{"line":28,"column":6},"end":{"line":28,"column":null}},"7":{"start":{"line":32,"column":29},"end":{"line":40,"column":null}},"8":{"start":{"line":33,"column":2},"end":{"line":39,"column":null}},"9":{"start":{"line":34,"column":4},"end":{"line":34,"column":null}},"10":{"start":{"line":35,"column":4},"end":{"line":35,"column":null}},"11":{"start":{"line":37,"column":4},"end":{"line":37,"column":null}},"12":{"start":{"line":38,"column":4},"end":{"line":38,"column":null}},"13":{"start":{"line":42,"column":27},"end":{"line":49,"column":null}},"14":{"start":{"line":43,"column":2},"end":{"line":48,"column":null}},"15":{"start":{"line":44,"column":4},"end":{"line":44,"column":null}},"16":{"start":{"line":46,"column":4},"end":{"line":46,"column":null}},"17":{"start":{"line":47,"column":4},"end":{"line":47,"column":null}},"18":{"start":{"line":51,"column":28},"end":{"line":70,"column":null}},"19":{"start":{"line":56,"column":2},"end":{"line":59,"column":null}},"20":{"start":{"line":57,"column":4},"end":{"line":57,"column":null}},"21":{"start":{"line":58,"column":4},"end":{"line":58,"column":null}},"22":{"start":{"line":61,"column":2},"end":{"line":61,"column":null}},"23":{"start":{"line":62,"column":18},"end":{"line":62,"column":null}},"24":{"start":{"line":63,"column":16},"end":{"line":63,"column":null}},"25":{"start":{"line":64,"column":2},"end":{"line":67,"column":null}},"26":{"start":{"line":65,"column":4},"end":{"line":65,"column":null}},"27":{"start":{"line":66,"column":4},"end":{"line":66,"column":null}},"28":{"start":{"line":68,"column":2},"end":{"line":68,"column":null}},"29":{"start":{"line":69,"column":2},"end":{"line":69,"column":null}},"30":{"start":{"line":72,"column":13},"end":{"line":158,"column":null}},"31":{"start":{"line":73,"column":8},"end":{"line":73,"column":null}},"32":{"start":{"line":74,"column":8},"end":{"line":74,"column":null}},"33":{"start":{"line":76,"column":2},"end":{"line":76,"column":null}},"34":{"start":{"line":78,"column":2},"end":{"line":80,"column":null}},"35":{"start":{"line":79,"column":4},"end":{"line":79,"column":null}},"36":{"start":{"line":82,"column":2},"end":{"line":82,"column":null}},"37":{"start":{"line":84,"column":8},"end":{"line":84,"column":null}},"38":{"start":{"line":85,"column":23},"end":{"line":85,"column":null}},"39":{"start":{"line":86,"column":2},"end":{"line":94,"column":null}},"40":{"start":{"line":96,"column":2},"end":{"line":98,"column":null}},"41":{"start":{"line":97,"column":4},"end":{"line":97,"column":null}},"42":{"start":{"line":100,"column":14},"end":{"line":106,"column":null}},"43":{"start":{"line":108,"column":24},"end":{"line":108,"column":null}},"44":{"start":{"line":109,"column":2},"end":{"line":109,"column":null}},"45":{"start":{"line":112,"column":22},"end":{"line":112,"column":null}},"46":{"start":{"line":113,"column":23},"end":{"line":113,"column":null}},"47":{"start":{"line":114,"column":23},"end":{"line":120,"column":null}},"48":{"start":{"line":121,"column":22},"end":{"line":121,"column":null}},"49":{"start":{"line":122,"column":23},"end":{"line":122,"column":null}},"50":{"start":{"line":124,"column":17},"end":{"line":124,"column":null}},"51":{"start":{"line":125,"column":17},"end":{"line":134,"column":null}},"52":{"start":{"line":135,"column":18},"end":{"line":135,"column":null}},"53":{"start":{"line":136,"column":2},"end":{"line":136,"column":null}},"54":{"start":{"line":138,"column":19},"end":{"line":138,"column":null}},"55":{"start":{"line":139,"column":2},"end":{"line":141,"column":null}},"56":{"start":{"line":140,"column":4},"end":{"line":140,"column":null}},"57":{"start":{"line":143,"column":2},"end":{"line":143,"column":null}},"58":{"start":{"line":144,"column":2},"end":{"line":144,"column":null}},"59":{"start":{"line":147,"column":19},"end":{"line":154,"column":null}},"60":{"start":{"line":148,"column":4},"end":{"line":148,"column":null}},"61":{"start":{"line":149,"column":4},"end":{"line":149,"column":null}},"62":{"start":{"line":150,"column":4},"end":{"line":150,"column":null}},"63":{"start":{"line":151,"column":4},"end":{"line":151,"column":null}},"64":{"start":{"line":152,"column":4},"end":{"line":152,"column":null}},"65":{"start":{"line":153,"column":4},"end":{"line":153,"column":null}},"66":{"start":{"line":156,"column":2},"end":{"line":156,"column":null}},"67":{"start":{"line":157,"column":2},"end":{"line":157,"column":null}},"68":{"start":{"line":160,"column":0},"end":{"line":163,"column":null}},"69":{"start":{"line":161,"column":2},"end":{"line":161,"column":null}},"70":{"start":{"line":162,"column":2},"end":{"line":162,"column":null}}},"fnMap":{"0":{"name":"(anonymous_0)","decl":{"start":{"line":19,"column":24},"end":{"line":19,"column":25}},"loc":{"start":{"line":19,"column":58},"end":{"line":30,"column":null}},"line":19},"1":{"name":"(anonymous_1)","decl":{"start":{"line":32,"column":29},"end":{"line":32,"column":36}},"loc":{"start":{"line":32,"column":72},"end":{"line":40,"column":null}},"line":32},"2":{"name":"(anonymous_2)","decl":{"start":{"line":42,"column":27},"end":{"line":42,"column":34}},"loc":{"start":{"line":42,"column":80},"end":{"line":49,"column":null}},"line":42},"3":{"name":"(anonymous_3)","decl":{"start":{"line":51,"column":28},"end":{"line":51,"column":null}},"loc":{"start":{"line":55,"column":23},"end":{"line":70,"column":null}},"line":55},"4":{"name":"(anonymous_4)","decl":{"start":{"line":72,"column":13},"end":{"line":72,"column":40}},"loc":{"start":{"line":72,"column":40},"end":{"line":158,"column":null}},"line":72},"5":{"name":"(anonymous_5)","decl":{"start":{"line":147,"column":19},"end":{"line":147,"column":31}},"loc":{"start":{"line":147,"column":31},"end":{"line":154,"column":null}},"line":147},"6":{"name":"(anonymous_6)","decl":{"start":{"line":160,"column":13},"end":{"line":160,"column":14}},"loc":{"start":{"line":160,"column":24},"end":{"line":163,"column":1}},"line":160}},"branchMap":{"0":{"loc":{"start":{"line":20,"column":2},"end":{"line":29,"column":null}},"type":"switch","locations":[{"start":{"line":21,"column":4},"end":{"line":22,"column":null}},{"start":{"line":23,"column":4},"end":{"line":24,"column":null}},{"start":{"line":25,"column":4},"end":{"line":26,"column":null}},{"start":{"line":27,"column":4},"end":{"line":28,"column":null}}],"line":20},"1":{"loc":{"start":{"line":56,"column":2},"end":{"line":59,"column":null}},"type":"if","locations":[{"start":{"line":56,"column":2},"end":{"line":59,"column":null}},{"start":{},"end":{}}],"line":56},"2":{"loc":{"start":{"line":64,"column":2},"end":{"line":67,"column":null}},"type":"if","locations":[{"start":{"line":64,"column":2},"end":{"line":67,"column":null}},{"start":{},"end":{}}],"line":64},"3":{"loc":{"start":{"line":64,"column":6},"end":{"line":64,"column":26}},"type":"binary-expr","locations":[{"start":{"line":64,"column":6},"end":{"line":64,"column":18}},{"start":{"line":64,"column":18},"end":{"line":64,"column":26}}],"line":64},"4":{"loc":{"start":{"line":78,"column":2},"end":{"line":80,"column":null}},"type":"if","locations":[{"start":{"line":78,"column":2},"end":{"line":80,"column":null}},{"start":{},"end":{}}],"line":78},"5":{"loc":{"start":{"line":78,"column":6},"end":{"line":78,"column":84}},"type":"binary-expr","locations":[{"start":{"line":78,"column":6},"end":{"line":78,"column":31}},{"start":{"line":78,"column":31},"end":{"line":78,"column":56}},{"start":{"line":78,"column":56},"end":{"line":78,"column":84}}],"line":78},"6":{"loc":{"start":{"line":96,"column":2},"end":{"line":98,"column":null}},"type":"if","locations":[{"start":{"line":96,"column":2},"end":{"line":98,"column":null}},{"start":{},"end":{}}],"line":96},"7":{"loc":{"start":{"line":103,"column":19},"end":{"line":103,"column":null}},"type":"binary-expr","locations":[{"start":{"line":103,"column":19},"end":{"line":103,"column":48}},{"start":{"line":103,"column":48},"end":{"line":103,"column":null}}],"line":103},"8":{"loc":{"start":{"line":139,"column":2},"end":{"line":141,"column":null}},"type":"if","locations":[{"start":{"line":139,"column":2},"end":{"line":141,"column":null}},{"start":{},"end":{}}],"line":139}},"s":{"0":3,"1":3,"2":3,"3":0,"4":0,"5":0,"6":3,"7":3,"8":0,"9":0,"10":0,"11":0,"12":0,"13":3,"14":0,"15":0,"16":0,"17":0,"18":3,"19":0,"20":0,"21":0,"22":0,"23":0,"24":0,"25":0,"26":0,"27":0,"28":0,"29":0,"30":3,"31":3,"32":3,"33":3,"34":3,"35":1,"36":3,"37":3,"38":3,"39":3,"40":3,"41":3,"42":3,"43":3,"44":3,"45":3,"46":3,"47":3,"48":3,"49":3,"50":3,"51":3,"52":3,"53":3,"54":3,"55":0,"56":0,"57":0,"58":0,"59":0,"60":0,"61":0,"62":0,"63":0,"64":0,"65":0,"66":0,"67":0,"68":3,"69":3,"70":3},"f":{"0":3,"1":0,"2":0,"3":0,"4":3,"5":0,"6":3},"b":{"0":[0,0,0,3],"1":[0,0],"2":[0,0],"3":[0,0],"4":[1,2],"5":[3,2,2],"6":[3,0],"7":[3,1],"8":[0,0]},"meta":{"lastBranch":9,"lastFunction":7,"lastStatement":71,"seen":{"s:17:26:17:Infinity":0,"s:19:24:30:Infinity":1,"f:19:24:19:25":0,"b:21:4:22:Infinity:23:4:24:Infinity:25:4:26:Infinity:27:4:28:Infinity":0,"s:20:2:29:Infinity":2,"s:22:6:22:Infinity":3,"s:24:6:24:Infinity":4,"s:26:6:26:Infinity":5,"s:28:6:28:Infinity":6,"s:32:29:40:Infinity":7,"f:32:29:32:36":1,"s:33:2:39:Infinity":8,"s:34:4:34:Infinity":9,"s:35:4:35:Infinity":10,"s:37:4:37:Infinity":11,"s:38:4:38:Infinity":12,"s:42:27:49:Infinity":13,"f:42:27:42:34":2,"s:43:2:48:Infinity":14,"s:44:4:44:Infinity":15,"s:46:4:46:Infinity":16,"s:47:4:47:Infinity":17,"s:51:28:70:Infinity":18,"f:51:28:51:Infinity":3,"b:56:2:59:Infinity:undefined:undefined:undefined:undefined":1,"s:56:2:59:Infinity":19,"s:57:4:57:Infinity":20,"s:58:4:58:Infinity":21,"s:61:2:61:Infinity":22,"s:62:18:62:Infinity":23,"s:63:16:63:Infinity":24,"b:64:2:67:Infinity:undefined:undefined:undefined:undefined":2,"s:64:2:67:Infinity":25,"b:64:6:64:18:64:18:64:26":3,"s:65:4:65:Infinity":26,"s:66:4:66:Infinity":27,"s:68:2:68:Infinity":28,"s:69:2:69:Infinity":29,"s:72:13:158:Infinity":30,"f:72:13:72:40":4,"s:73:8:73:Infinity":31,"s:74:8:74:Infinity":32,"s:76:2:76:Infinity":33,"b:78:2:80:Infinity:undefined:undefined:undefined:undefined":4,"s:78:2:80:Infinity":34,"b:78:6:78:31:78:31:78:56:78:56:78:84":5,"s:79:4:79:Infinity":35,"s:82:2:82:Infinity":36,"s:84:8:84:Infinity":37,"s:85:23:85:Infinity":38,"s:86:2:94:Infinity":39,"b:96:2:98:Infinity:undefined:undefined:undefined:undefined":6,"s:96:2:98:Infinity":40,"s:97:4:97:Infinity":41,"s:100:14:106:Infinity":42,"b:103:19:103:48:103:48:103:Infinity":7,"s:108:24:108:Infinity":43,"s:109:2:109:Infinity":44,"s:112:22:112:Infinity":45,"s:113:23:113:Infinity":46,"s:114:23:120:Infinity":47,"s:121:22:121:Infinity":48,"s:122:23:122:Infinity":49,"s:124:17:124:Infinity":50,"s:125:17:134:Infinity":51,"s:135:18:135:Infinity":52,"s:136:2:136:Infinity":53,"s:138:19:138:Infinity":54,"b:139:2:141:Infinity:undefined:undefined:undefined:undefined":8,"s:139:2:141:Infinity":55,"s:140:4:140:Infinity":56,"s:143:2:143:Infinity":57,"s:144:2:144:Infinity":58,"s:147:19:154:Infinity":59,"f:147:19:147:31":5,"s:148:4:148:Infinity":60,"s:149:4:149:Infinity":61,"s:150:4:150:Infinity":62,"s:151:4:151:Infinity":63,"s:152:4:152:Infinity":64,"s:153:4:153:Infinity":65,"s:156:2:156:Infinity":66,"s:157:2:157:Infinity":67,"s:160:0:163:Infinity":68,"f:160:13:160:14":6,"s:161:2:161:Infinity":69,"s:162:2:162:Infinity":70}}},"D:\\repos\\ironbot\\src\\memory\\embeddings.ts":{"path":"D:\\repos\\ironbot\\src\\memory\\embeddings.ts","statementMap":{"0":{"start":{"line":5,"column":36},"end":{"line":5,"column":null}},"1":{"start":{"line":6,"column":36},"end":{"line":6,"column":null}},"2":{"start":{"line":7,"column":35},"end":{"line":7,"column":null}},"3":{"start":{"line":17,"column":29},"end":{"line":25,"column":null}},"4":{"start":{"line":18,"column":2},"end":{"line":18,"column":null}},"5":{"start":{"line":18,"column":18},"end":{"line":18,"column":null}},"6":{"start":{"line":19,"column":2},"end":{"line":19,"column":null}},"7":{"start":{"line":19,"column":35},"end":{"line":19,"column":null}},"8":{"start":{"line":20,"column":2},"end":{"line":24,"column":null}},"9":{"start":{"line":21,"column":4},"end":{"line":21,"column":null}},"10":{"start":{"line":23,"column":4},"end":{"line":23,"column":null}},"11":{"start":{"line":27,"column":18},"end":{"line":30,"column":null}},"12":{"start":{"line":28,"column":17},"end":{"line":28,"column":null}},"13":{"start":{"line":29,"column":2},"end":{"line":29,"column":null}},"14":{"start":{"line":32,"column":24},"end":{"line":37,"column":null}},"15":{"start":{"line":33,"column":21},"end":{"line":33,"column":null}},"16":{"start":{"line":33,"column":51},"end":{"line":33,"column":72}},"17":{"start":{"line":34,"column":2},"end":{"line":34,"column":null}},"18":{"start":{"line":34,"column":19},"end":{"line":34,"column":null}},"19":{"start":{"line":35,"column":15},"end":{"line":35,"column":null}},"20":{"start":{"line":36,"column":2},"end":{"line":36,"column":null}},"21":{"start":{"line":36,"column":31},"end":{"line":36,"column":43}},"22":{"start":{"line":39,"column":25},"end":{"line":51,"column":null}},"23":{"start":{"line":40,"column":20},"end":{"line":40,"column":null}},"24":{"start":{"line":41,"column":2},"end":{"line":50,"column":null}},"25":{"start":{"line":42,"column":19},"end":{"line":42,"column":null}},"26":{"start":{"line":43,"column":19},"end":{"line":43,"column":null}},"27":{"start":{"line":44,"column":4},"end":{"line":48,"column":null}},"28":{"start":{"line":45,"column":19},"end":{"line":45,"column":null}},"29":{"start":{"line":46,"column":20},"end":{"line":46,"column":null}},"30":{"start":{"line":47,"column":6},"end":{"line":47,"column":null}},"31":{"start":{"line":49,"column":4},"end":{"line":49,"column":null}},"32":{"start":{"line":53,"column":28},"end":{"line":58,"column":null}},"33":{"start":{"line":54,"column":17},"end":{"line":54,"column":null}},"34":{"start":{"line":55,"column":18},"end":{"line":55,"column":null}},"35":{"start":{"line":56,"column":16},"end":{"line":56,"column":null}},"36":{"start":{"line":57,"column":2},"end":{"line":57,"column":null}},"37":{"start":{"line":60,"column":28},"end":{"line":65,"column":null}},"38":{"start":{"line":61,"column":17},"end":{"line":61,"column":null}},"39":{"start":{"line":62,"column":18},"end":{"line":62,"column":null}},"40":{"start":{"line":63,"column":16},"end":{"line":63,"column":null}},"41":{"start":{"line":64,"column":2},"end":{"line":64,"column":null}},"42":{"start":{"line":67,"column":26},"end":{"line":90,"column":null}},"43":{"start":{"line":68,"column":37},"end":{"line":68,"column":null}},"44":{"start":{"line":69,"column":2},"end":{"line":69,"column":null}},"45":{"start":{"line":69,"column":15},"end":{"line":69,"column":null}},"46":{"start":{"line":70,"column":2},"end":{"line":89,"column":null}},"47":{"start":{"line":74,"column":23},"end":{"line":81,"column":null}},"48":{"start":{"line":82,"column":6},"end":{"line":84,"column":null}},"49":{"start":{"line":83,"column":8},"end":{"line":83,"column":null}},"50":{"start":{"line":85,"column":20},"end":{"line":85,"column":null}},"51":{"start":{"line":86,"column":6},"end":{"line":86,"column":null}},"52":{"start":{"line":86,"column":22},"end":{"line":86,"column":null}},"53":{"start":{"line":87,"column":6},"end":{"line":87,"column":null}},"54":{"start":{"line":87,"column":37},"end":{"line":87,"column":51}},"55":{"start":{"line":92,"column":26},"end":{"line":115,"column":null}},"56":{"start":{"line":93,"column":37},"end":{"line":93,"column":null}},"57":{"start":{"line":94,"column":2},"end":{"line":94,"column":null}},"58":{"start":{"line":94,"column":15},"end":{"line":94,"column":null}},"59":{"start":{"line":95,"column":2},"end":{"line":114,"column":null}},"60":{"start":{"line":99,"column":34},"end":{"line":99,"column":null}},"61":{"start":{"line":100,"column":6},"end":{"line":111,"column":null}},"62":{"start":{"line":101,"column":25},"end":{"line":105,"column":null}},"63":{"start":{"line":106,"column":8},"end":{"line":108,"column":null}},"64":{"start":{"line":107,"column":10},"end":{"line":107,"column":null}},"65":{"start":{"line":109,"column":22},"end":{"line":109,"column":null}},"66":{"start":{"line":110,"column":8},"end":{"line":110,"column":null}},"67":{"start":{"line":112,"column":6},"end":{"line":112,"column":null}},"68":{"start":{"line":117,"column":25},"end":{"line":126,"column":null}},"69":{"start":{"line":118,"column":20},"end":{"line":118,"column":null}},"70":{"start":{"line":119,"column":19},"end":{"line":119,"column":null}},"71":{"start":{"line":120,"column":2},"end":{"line":120,"column":null}},"72":{"start":{"line":120,"column":17},"end":{"line":120,"column":null}},"73":{"start":{"line":121,"column":2},"end":{"line":125,"column":null}},"74":{"start":{"line":128,"column":24},"end":{"line":132,"column":null}},"75":{"start":{"line":128,"column":48},"end":{"line":132,"column":null}},"76":{"start":{"line":131,"column":21},"end":{"line":131,"column":null}},"77":{"start":{"line":134,"column":33},"end":{"line":143,"column":null}},"78":{"start":{"line":138,"column":2},"end":{"line":138,"column":null}},"79":{"start":{"line":138,"column":28},"end":{"line":138,"column":null}},"80":{"start":{"line":139,"column":2},"end":{"line":139,"column":null}},"81":{"start":{"line":139,"column":29},"end":{"line":139,"column":null}},"82":{"start":{"line":140,"column":2},"end":{"line":140,"column":null}},"83":{"start":{"line":140,"column":29},"end":{"line":140,"column":null}},"84":{"start":{"line":141,"column":2},"end":{"line":141,"column":null}},"85":{"start":{"line":141,"column":27},"end":{"line":141,"column":null}},"86":{"start":{"line":142,"column":2},"end":{"line":142,"column":null}},"87":{"start":{"line":145,"column":38},"end":{"line":168,"column":null}},"88":{"start":{"line":146,"column":19},"end":{"line":146,"column":null}},"89":{"start":{"line":148,"column":2},"end":{"line":156,"column":null}},"90":{"start":{"line":149,"column":24},"end":{"line":149,"column":null}},"91":{"start":{"line":150,"column":4},"end":{"line":150,"column":null}},"92":{"start":{"line":150,"column":21},"end":{"line":150,"column":null}},"93":{"start":{"line":151,"column":25},"end":{"line":151,"column":null}},"94":{"start":{"line":152,"column":4},"end":{"line":152,"column":null}},"95":{"start":{"line":152,"column":22},"end":{"line":152,"column":null}},"96":{"start":{"line":153,"column":25},"end":{"line":153,"column":null}},"97":{"start":{"line":154,"column":4},"end":{"line":154,"column":null}},"98":{"start":{"line":154,"column":22},"end":{"line":154,"column":null}},"99":{"start":{"line":155,"column":4},"end":{"line":155,"column":null}},"100":{"start":{"line":158,"column":17},"end":{"line":158,"column":null}},"101":{"start":{"line":159,"column":2},"end":{"line":159,"column":null}},"102":{"start":{"line":159,"column":44},"end":{"line":159,"column":null}},"103":{"start":{"line":161,"column":19},"end":{"line":161,"column":null}},"104":{"start":{"line":162,"column":2},"end":{"line":165,"column":null}},"105":{"start":{"line":163,"column":27},"end":{"line":163,"column":null}},"106":{"start":{"line":164,"column":4},"end":{"line":164,"column":null}},"107":{"start":{"line":164,"column":24},"end":{"line":164,"column":null}},"108":{"start":{"line":167,"column":2},"end":{"line":167,"column":null}}},"fnMap":{"0":{"name":"(anonymous_0)","decl":{"start":{"line":17,"column":29},"end":{"line":17,"column":30}},"loc":{"start":{"line":17,"column":62},"end":{"line":25,"column":null}},"line":17},"1":{"name":"(anonymous_1)","decl":{"start":{"line":27,"column":18},"end":{"line":27,"column":19}},"loc":{"start":{"line":27,"column":45},"end":{"line":30,"column":null}},"line":27},"2":{"name":"(anonymous_2)","decl":{"start":{"line":32,"column":24},"end":{"line":32,"column":25}},"loc":{"start":{"line":32,"column":56},"end":{"line":37,"column":null}},"line":32},"3":{"name":"(anonymous_3)","decl":{"start":{"line":33,"column":35},"end":{"line":33,"column":36}},"loc":{"start":{"line":33,"column":51},"end":{"line":33,"column":72}},"line":33},"4":{"name":"(anonymous_4)","decl":{"start":{"line":36,"column":20},"end":{"line":36,"column":21}},"loc":{"start":{"line":36,"column":31},"end":{"line":36,"column":43}},"line":36},"5":{"name":"(anonymous_5)","decl":{"start":{"line":39,"column":25},"end":{"line":39,"column":32}},"loc":{"start":{"line":39,"column":73},"end":{"line":51,"column":null}},"line":39},"6":{"name":"(anonymous_6)","decl":{"start":{"line":41,"column":19},"end":{"line":41,"column":20}},"loc":{"start":{"line":41,"column":29},"end":{"line":50,"column":3}},"line":41},"7":{"name":"(anonymous_7)","decl":{"start":{"line":53,"column":28},"end":{"line":53,"column":29}},"loc":{"start":{"line":53,"column":58},"end":{"line":58,"column":null}},"line":53},"8":{"name":"(anonymous_8)","decl":{"start":{"line":60,"column":28},"end":{"line":60,"column":29}},"loc":{"start":{"line":60,"column":58},"end":{"line":65,"column":null}},"line":60},"9":{"name":"(anonymous_9)","decl":{"start":{"line":67,"column":26},"end":{"line":67,"column":27}},"loc":{"start":{"line":67,"column":80},"end":{"line":90,"column":null}},"line":67},"10":{"name":"(anonymous_10)","decl":{"start":{"line":73,"column":11},"end":{"line":73,"column":18}},"loc":{"start":{"line":73,"column":38},"end":{"line":88,"column":null}},"line":73},"11":{"name":"(anonymous_11)","decl":{"start":{"line":87,"column":27},"end":{"line":87,"column":28}},"loc":{"start":{"line":87,"column":37},"end":{"line":87,"column":51}},"line":87},"12":{"name":"(anonymous_12)","decl":{"start":{"line":92,"column":26},"end":{"line":92,"column":27}},"loc":{"start":{"line":92,"column":80},"end":{"line":115,"column":null}},"line":92},"13":{"name":"(anonymous_13)","decl":{"start":{"line":98,"column":11},"end":{"line":98,"column":18}},"loc":{"start":{"line":98,"column":38},"end":{"line":113,"column":null}},"line":98},"14":{"name":"(anonymous_14)","decl":{"start":{"line":117,"column":25},"end":{"line":117,"column":26}},"loc":{"start":{"line":117,"column":79},"end":{"line":126,"column":null}},"line":117},"15":{"name":"(anonymous_15)","decl":{"start":{"line":128,"column":24},"end":{"line":128,"column":48}},"loc":{"start":{"line":128,"column":48},"end":{"line":132,"column":null}},"line":128},"16":{"name":"(anonymous_16)","decl":{"start":{"line":131,"column":9},"end":{"line":131,"column":21}},"loc":{"start":{"line":131,"column":21},"end":{"line":131,"column":null}},"line":131},"17":{"name":"(anonymous_17)","decl":{"start":{"line":134,"column":33},"end":{"line":134,"column":null}},"loc":{"start":{"line":137,"column":29},"end":{"line":143,"column":null}},"line":137},"18":{"name":"(anonymous_18)","decl":{"start":{"line":145,"column":38},"end":{"line":145,"column":39}},"loc":{"start":{"line":145,"column":85},"end":{"line":168,"column":null}},"line":145}},"branchMap":{"0":{"loc":{"start":{"line":18,"column":2},"end":{"line":18,"column":null}},"type":"if","locations":[{"start":{"line":18,"column":2},"end":{"line":18,"column":null}},{"start":{},"end":{}}],"line":18},"1":{"loc":{"start":{"line":19,"column":2},"end":{"line":19,"column":null}},"type":"if","locations":[{"start":{"line":19,"column":2},"end":{"line":19,"column":null}},{"start":{},"end":{}}],"line":19},"2":{"loc":{"start":{"line":34,"column":2},"end":{"line":34,"column":null}},"type":"if","locations":[{"start":{"line":34,"column":2},"end":{"line":34,"column":null}},{"start":{},"end":{}}],"line":34},"3":{"loc":{"start":{"line":54,"column":17},"end":{"line":54,"column":null}},"type":"binary-expr","locations":[{"start":{"line":54,"column":17},"end":{"line":54,"column":41}},{"start":{"line":54,"column":41},"end":{"line":54,"column":null}}],"line":54},"4":{"loc":{"start":{"line":55,"column":18},"end":{"line":55,"column":null}},"type":"binary-expr","locations":[{"start":{"line":55,"column":18},"end":{"line":55,"column":43}},{"start":{"line":55,"column":43},"end":{"line":55,"column":null}}],"line":55},"5":{"loc":{"start":{"line":56,"column":16},"end":{"line":56,"column":null}},"type":"binary-expr","locations":[{"start":{"line":56,"column":16},"end":{"line":56,"column":39}},{"start":{"line":56,"column":39},"end":{"line":56,"column":null}}],"line":56},"6":{"loc":{"start":{"line":61,"column":17},"end":{"line":61,"column":null}},"type":"binary-expr","locations":[{"start":{"line":61,"column":17},"end":{"line":61,"column":41}},{"start":{"line":61,"column":41},"end":{"line":61,"column":null}}],"line":61},"7":{"loc":{"start":{"line":62,"column":18},"end":{"line":62,"column":null}},"type":"binary-expr","locations":[{"start":{"line":62,"column":18},"end":{"line":62,"column":43}},{"start":{"line":62,"column":43},"end":{"line":62,"column":null}}],"line":62},"8":{"loc":{"start":{"line":63,"column":16},"end":{"line":63,"column":null}},"type":"binary-expr","locations":[{"start":{"line":63,"column":16},"end":{"line":63,"column":39}},{"start":{"line":63,"column":39},"end":{"line":
[...]
":394},"47":{"loc":{"start":{"line":410,"column":20},"end":{"line":410,"column":null}},"type":"cond-expr","locations":[{"start":{"line":410,"column":57},"end":{"line":410,"column":74}},{"start":{"line":410,"column":74},"end":{"line":410,"column":null}}],"line":410},"48":{"loc":{"start":{"line":411,"column":34},"end":{"line":411,"column":67}},"type":"binary-expr","locations":[{"start":{"line":411,"column":34},"end":{"line":411,"column":62}},{"start":{"line":411,"column":62},"end":{"line":411,"column":67}}],"line":411},"49":{"loc":{"start":{"line":416,"column":27},"end":{"line":416,"column":71}},"type":"binary-expr","locations":[{"start":{"line":416,"column":27},"end":{"line":416,"column":44}},{"start":{"line":416,"column":44},"end":{"line":416,"column":71}}],"line":416},"50":{"loc":{"start":{"line":419,"column":16},"end":{"line":419,"column":null}},"type":"cond-expr","locations":[{"start":{"line":419,"column":38},"end":{"line":419,"column":52}},{"start":{"line":419,"column":52},"end":{"line":419,"column":null}}],"line":419},"51":{"loc":{"start":{"line":432,"column":2},"end":{"line":432,"column":null}},"type":"if","locations":[{"start":{"line":432,"column":2},"end":{"line":432,"column":null}},{"start":{},"end":{}}],"line":432}},"s":{"0":3,"1":3,"2":4,"3":3,"4":4,"5":0,"6":4,"7":4,"8":4,"9":4,"10":3,"11":1,"12":1,"13":1,"14":1,"15":1,"16":0,"17":0,"18":1,"19":0,"20":1,"21":0,"22":1,"23":0,"24":0,"25":1,"26":1,"27":1,"28":1,"29":0,"30":3,"31":5,"32":3,"33":0,"34":0,"35":0,"36":0,"37":0,"38":3,"39":1,"40":0,"41":1,"42":1,"43":1,"44":0,"45":1,"46":11,"47":11,"48":13,"49":13,"50":13,"51":13,"52":13,"53":1,"54":1,"55":1,"56":1,"57":12,"58":13,"59":2,"60":2,"61":2,"62":10,"63":10,"64":10,"65":0,"66":0,"67":0,"68":10,"69":10,"70":4,"71":4,"72":4,"73":0,"74":0,"75":4,"76":4,"77":2,"78":2,"79":2,"80":2,"81":1,"82":1,"83":1,"84":1,"85":1,"86":1,"87":1,"88":1,"89":0,"90":0,"91":0,"92":0,"93":0,"94":7,"95":0,"96":3,"97":1,"98":1,"99":1,"100":1,"101":0,"102":0,"103":0,"104":0,"105":0,"106":0,"107":0,"108":0,"109":0,"110":0,"111":0,"112":3,"113":3,"114":3,"115":3,"116":0,"117":3,"118":3,"119":2,"120":2,"121":1,"122":1,"123":1,"124":1,"125":0,"126":0,"127":0,"128":1,"129":1,"130":1,"131":0,"132":1,"133":1,"134":1,"135":0,"136":1,"137":1,"138":1,"139":1,"140":0,"141":1,"142":1,"143":1,"144":0,"145":1,"146":1,"147":1,"148":1,"149":1,"150":2,"151":2,"152":1,"153":0,"154":3,"155":0,"156":3,"157":0,"158":0,"159":0,"160":0,"161":0},"f":{"0":4,"1":4,"2":4,"3":1,"4":1,"5":0,"6":0,"7":0,"8":0,"9":1,"10":5,"11":0,"12":0,"13":1,"14":11,"15":13,"16":0,"17":3,"18":1,"19":1,"20":1,"21":2,"22":2,"23":0,"24":0,"25":0},"b":{"0":[0,4],"1":[4,4],"2":[1,0],"3":[0,0],"4":[0,0],"5":[0,1],"6":[0,1],"7":[6,7],"8":[1,6],"9":[13,0],"10":[1,12],"11":[1,0],"12":[6,6],"13":[2,11],"14":[13,6],"15":[4,6],"16":[4,0],"17":[4,0],"18":[0,4],"19":[2,2],"20":[1,1],"21":[2,1],"22":[1,0],"23":[1,0],"24":[1,0],"25":[0,0],"26":[0,0],"27":[7,3,1,1,1,1],"28":[0,0],"29":[0,0],"30":[0,0],"31":[0,0],"32":[0,0],"33":[3,0],"34":[0,3],"35":[1,2],"36":[0,3],"37":[2,1],"38":[1,0],"39":[0,0],"40":[1,0],"41":[0,1],"42":[0,1],"43":[1,0],"44":[1,0],"45":[0,1],"46":[0,1],"47":[1,0],"48":[1,1],"49":[2,2],"50":[0,2],"51":[0,0]},"meta":{"lastBranch":52,"lastFunction":26,"lastStatement":162,"seen":{"s:21:39:133:Infinity":0,"s:135:18:135:Infinity":1,"f:135:18:135:19":0,"s:135:47:135:Infinity":2,"s:137:33:145:Infinity":3,"f:137:33:137:34":1,"b:138:2:138:Infinity:undefined:undefined:undefined:undefined":0,"s:138:2:138:Infinity":4,"b:138:6:138:26:138:26:138:36":1,"s:138:36:138:Infinity":5,"s:139:24:139:Infinity":6,"s:140:2:144:Infinity":7,"f:140:23:140:24":2,"s:142:18:142:Infinity":8,"s:143:4:143:Infinity":9,"s:147:19:188:Infinity":10,"f:147:19:147:Infinity":3,"s:153:2:188:Infinity":11,"f:153:14:153:15":4,"s:154:10:154:Infinity":12,"s:155:17:155:Infinity":13,"s:156:17:156:Infinity":14,"s:157:20:160:Infinity":15,"f:157:31:157:37":5,"s:158:6:158:Infinity":16,"s:159:6:159:Infinity":17,"s:162:4:164:Infinity":18,"f:162:29:162:30":6,"s:163:6:163:Infinity":19,"s:165:4:167:Infinity":20,"f:165:29:165:30":7,"s:166:6:166:Infinity":21,"s:169:4:172:Infinity":22,"f:169:22:169:23":8,"s:170:6:170:Infinity":23,"s:171:6:171:Infinity":24,"s:174:4:187:Infinity":25,"f:174:22:174:23":9,"s:175:6:175:Infinity":26,"b:176:6:186:Infinity:178:13:186:Infinity":2,"s:176:6:186:Infinity":27,"s:177:8:177:Infinity":28,"s:179:8:185:Infinity":29,"b:181:17:181:27:181:27:181:Infinity":3,"s:190:20:191:Infinity":30,"f:190:20:190:21":10,"s:191:2:191:Infinity":31,"s:193:21:199:Infinity":32,"f:193:21:193:22":11,"b:194:2:194:Infinity:undefined:undefined:undefined:undefined":4,"s:194:2:194:Infinity":33,"s:194:24:194:Infinity":34,"s:195:2:198:Infinity":35,"f:195:23:195:24":12,"s:196:18:196:Infinity":36,"s:197:4:197:Infinity":37,"s:201:28:208:Infinity":38,"f:201:28:201:29":13,"b:202:2:202:Infinity:undefined:undefined:undefined:undefined":5,"s:202:2:202:Infinity":39,"s:202:24:202:Infinity":40,"s:203:2:206:Infinity":41,"s:204:18:204:Infinity":42,"b:205:4:205:Infinity:undefined:undefined:undefined:undefined":6,"s:205:4:205:Infinity":43,"s:205:27:205:Infinity":44,"s:207:2:207:Infinity":45,"s:212:10:212:Infinity":46,"f:214:2:214:14":14,"s:215:4:215:Infinity":47,"f:218:8:218:20":15,"s:219:4:219:Infinity":48,"s:221:25:221:Infinity":49,"s:223:6:227:Infinity":50,"b:224:10:224:Infinity:225:10:227:Infinity":7,"b:226:12:226:Infinity:227:12:227:Infinity":8,"b:229:4:316:Infinity:311:4:316:Infinity":9,"s:229:4:316:Infinity":51,"b:230:6:240:Infinity:undefined:undefined:undefined:undefined":10,"s:230:6:240:Infinity":52,"s:231:29:231:Infinity":53,"s:232:23:234:Infinity":54,"b:233:12:233:Infinity:234:12:234:Infinity":11,"s:235:8:235:Infinity":55,"s:236:8:239:Infinity":56,"s:242:28:242:Infinity":57,"b:242:43:242:107:242:107:242:Infinity":12,"b:243:6:250:Infinity:undefined:undefined:undefined:undefined":13,"s:243:6:250:Infinity":58,"b:243:10:243:26:243:26:243:41":14,"s:244:8:244:Infinity":59,"s:245:8:245:Infinity":60,"s:246:8:249:Infinity":61,"s:252:38:252:Infinity":62,"s:253:6:259:Infinity":63,"s:254:8:254:Infinity":64,"s:256:23:256:Infinity":65,"s:257:8:257:Infinity":66,"s:258:8:258:Infinity":67,"s:261:27:261:Infinity":68,"b:262:6:310:Infinity:undefined:undefined:undefined:undefined":15,"s:262:6:310:Infinity":69,"s:263:24:263:Infinity":70,"b:263:64:263:84:263:84:263:Infinity":16,"b:264:8:288:Infinity:undefined:undefined:undefined:undefined":17,"s:264:8:288:Infinity":71,"b:266:10:275:Infinity:undefined:undefined:undefined:undefined":18,"s:266:10:275:Infinity":72,"s:267:12:270:Infinity":73,"s:271:12:274:Infinity":74,"s:276:28:276:Infinity":75,"b:277:10:287:Infinity:undefined:undefined:undefined:undefined":19,"s:277:10:287:Infinity":76,"s:278:32:278:Infinity":77,"s:279:12:282:Infinity":78,"s:283:12:286:Infinity":79,"b:289:8:302:Infinity:undefined:undefined:undefined:undefined":20,"s:289:8:302:Infinity":80,"b:289:12:289:52:289:52:289:66":21,"s:290:35:290:Infinity":81,"b:291:10:301:Infinity:undefined:undefined:undefined:undefined":22,"s:291:10:301:Infinity":82,"s:292:32:292:Infinity":83,"s:293:12:296:Infinity":84,"s:297:12:300:Infinity":85,"b:303:8:309:Infinity:undefined:undefined:undefined:undefined":23,"s:303:8:309:Infinity":86,"s:304:35:304:Infinity":87,"b:304:75:304:95:304:95:304:Infinity":24,"s:305:10:308:Infinity":88,"b:311:4:316:Infinity:undefined:undefined:undefined:undefined":25,"s:311:4:316:Infinity":89,"b:311:15:311:36:311:36:311:75":26,"s:312:26:312:Infinity":90,"s:313:21:313:Infinity":91,"s:314:6:314:Infinity":92,"s:315:6:315:Infinity":93,"b:319:6:320:Infinity:321:6:322:Infinity:323:6:324:Infinity:325:6:326:Infinity:327:6:328:Infinity:329:6:330:Infinity":27,"s:318:4:331:Infinity":94,"s:320:8:320:Infinity":95,"s:322:8:322:Infinity":96,"s:324:8:324:Infinity":97,"s:326:8:326:Infinity":98,"s:328:8:328:Infinity":99,"s:330:8:330:Infinity":100,"f:334:16:334:30":16,"s:335:20:335:Infinity":101,"b:335:27:335:48:335:48:335:50":28,"s:337:6:337:Infinity":102,"b:337:56:337:86:337:86:337:Infinity":29,"s:338:20:338:Infinity":103,"b:338:60:338:80:338:80:338:Infinity":30,"b:340:4:340:Infinity:undefined:undefined:undefined:undefined":31,"s:340:4:340:Infinity":104,"s:340:18:340:Infinity":105,"s:342:10:342:Infinity":106,"b:343:4:346:Infinity:undefined:undefined:undefined:undefined":32,"s:343:4:346:Infinity":107,"s:344:6:344:Infinity":108,"s:345:6:345:Infinity":109,"s:348:4:348:Infinity":110,"s:349:4:349:Infinity":111,"f:352:16:352:24":17,"s:353:20:353:Infinity":112,"b:353:27:353:48:353:48:353:50":33,"s:355:6:355:Infinity":113,"b:355:56:355:86:355:86:355:Infinity":34,"s:356:20:356:Infinity":114,"b:356:60:356:80:356:80:356:Infinity":35,"b:358:4:358:Infinity:undefined:undefined:undefined:undefined":36,"s:358:4:358:Infinity":115,"s:358:18:358:Infinity":116,"s:360:10:360:Infinity":117,"b:361:4:364:Infinity:undefined:undefined:undefined:undefined":37,"s:361:4:364:Infinity":118,"s:362:6:362:Infinity":119,"s:363:6:363:Infinity":120,"s:366:4:366:Infinity":121,"s:367:23:367:Infinity":122,"b:368:4:368:Infinity:undefined:undefined:undefined:undefined":38,"s:368:4:368:Infinity":123,"s:368:28:368:Infinity":124,"b:369:4:371:Infinity:undefined:undefined:undefined:undefined":39,"s:369:4:371:Infinity":125,"s:370:6:370:Infinity":126,"s:372:4:372:Infinity":127,"f:375:16:375:25":18,"s:376:21:376:Infinity":128,"b:376:58:376:75:376:75:376:Infinity":40,"s:377:21:377:Infinity":129,"b:377:62:377:83:377:83:377:Infinity":41,"b:379:4:379:Infinity:undefined:undefined:undefined:undefined":42,"s:379:4:379:Infinity":130,"s:379:19:379:Infinity":131,"s:381:4:386:Infinity":132,"s:382:22:382:Infinity":133,"s:383:6:383:Infinity":134,"s:385:6:385:Infinity":135,"f:389:16:389:26":19,"s:390:21:390:Infinity":136,"b:390:58:390:75:390:75:390:Infinity":43,"s:391:20:391:Infinity":137,"b:391:60:391:80:391:80:391:Infinity":44,"s:392:21:392:Infinity":138,"b:392:62:392:83:392:83:392:Infinity":45,"b:394:4:394:Infinity:undefined:undefined:undefined:undefined":46,"s:394:4:394:Infinity":139,"s:394:19:394:Infinity":140,"s:396:4:406:Infinity":141,"s:397:6:397:Infinity":142,"s:398:6:403:Infinity":143,"s:405:6:405:Infinity":144,"f:409:16:409:30":20,"s:410:20:410:Infinity":145,"b:410:57:410:74:410:74:410:Infinity":47,"s:411:26:411:Infinity":146,"b:411:34:411:62:411:62:411:67":48,"s:413:4:424:Infinity":147,"s:414:22:414:Infinity":148,"s:415:20:420:Infinity":149,"f:416:16:416:17":21,"s:416:27:416:71":150,"b:416:27:416:44:416:44:416:71":49,"f:417:13:417:14":22,"s:417:25:420:10":151,"b:419:38:419:52:419:52:419:Infinity":50,"s:421:6:421:Infinity":152,"s:423:6:423:Infinity":153,"s:428:34:428:Infinity":154,"f:428:34:428:58":23,"s:428:58:428:Infinity":155,"s:430:31:434:Infinity":156,"f:430:31:430:55":24,"s:431:8:431:Infinity":157,"b:432:2:432:Infinity:undefined:undefined:undefined:undefined":51,"s:432:2:432:Infinity":158,"s:432:26:432:Infinity":159,"s:433:2:433:Infinity":160,"f:433:22:433:23":25,"s:433:32:433:74":161}}},"D:\\repos\\ironbot\\src\\utils\\file_watcher.ts":{"path":"D:\\repos\\ironbot\\src\\utils\\file_watcher.ts","statementMap":{"0":{"start":{"line":15,"column":25},"end":{"line":52,"column":null}},"1":{"start":{"line":21,"column":21},"end":{"line":21,"column":null}},"2":{"start":{"line":24,"column":18},"end":{"line":30,"column":null}},"3":{"start":{"line":32,"column":18},"end":{"line":43,"column":null}},"4":{"start":{"line":33,"column":4},"end":{"line":35,"column":null}},"5":{"start":{"line":34,"column":6},"end":{"line":34,"column":null}},"6":{"start":{"line":36,"column":4},"end":{"line":42,"column":null}},"7":{"start":{"line":37,"column":6},"end":{"line":41,"column":null}},"8":{"start":{"line":38,"column":8},"end":{"line":38,"column":null}},"9":{"start":{"line":40,"column":8},"end":{"line":40,"column":null}},"10":{"start":{"line":45,"column":2},"end":{"line":45,"column":null}},"11":{"start":{"line":46,"column":2},"end":{"line":46,"column":null}},"12":{"start":{"line":47,"column":2},"end":{"line":47,"column":null}},"13":{"start":{"line":47,"column":33},"end":{"line":47,"column":49}},"14":{"start":{"line":49,"column":2},"end":{"line":51,"column":null}},"15":{"start":{"line":50,"column":17},"end":{"line":50,"column":null}}},"fnMap":{"0":{"name":"(anonymous_0)","decl":{"start":{"line":15,"column":25},"end":{"line":15,"column":null}},"loc":{"start":{"line":20,"column":18},"end":{"line":52,"column":null}},"line":20},"1":{"name":"(anonymous_1)","decl":{"start":{"line":32,"column":18},"end":{"line":32,"column":24}},"loc":{"start":{"line":32,"column":24},"end":{"line":43,"column":null}},"line":32},"2":{"name":"(anonymous_2)","decl":{"start":{"line":36,"column":23},"end":{"line":36,"column":35}},"loc":{"start":{"line":36,"column":35},"end":{"line":42,"column":7}},"line":36},"3":{"name":"(anonymous_3)","decl":{"start":{"line":47,"column":22},"end":{"line":47,"column":23}},"loc":{"start":{"line":47,"column":33},"end":{"line":47,"column":49}},"line":47},"4":{"name":"(anonymous_4)","decl":{"start":{"line":50,"column":11},"end":{"line":50,"column":17}},"loc":{"start":{"line":50,"column":17},"end":{"line":50,"column":null}},"line":50}},"branchMap":{"0":{"loc":{"start":{"line":19,"column":2},"end":{"line":19,"column":null}},"type":"default-arg","locations":[{"start":{"line":19,"column":26},"end":{"line":19,"column":null}}],"line":19},"1":{"loc":{"start":{"line":21,"column":21},"end":{"line":21,"column":null}},"type":"binary-expr","locations":[{"start":{"line":21,"column":21},"end":{"line":21,"column":43}},{"start":{"line":21,"column":43},"end":{"line":21,"column":null}}],"line":21},"2":{"loc":{"start":{"line":27,"column":26},"end":{"line":27,"column":null}},"type":"binary-expr","locations":[{"start":{"line":27,"column":26},"end":{"line":27,"column":74}},{"start":{"line":27,"column":74},"end":{"line":27,"column":null}}],"line":27},"3":{"loc":{"start":{"line":28,"column":20},"end":{"line":28,"column":null}},"type":"binary-expr","locations":[{"start":{"line":28,"column":20},"end":{"line":28,"column":62}},{"start":{"line":28,"column":62},"end":{"line":28,"column":null}}],"line":28},"4":{"loc":{"start":{"line":33,"column":4},"end":{"line":35,"column":null}},"type":"if","locations":[{"start":{"line":33,"column":4},"end":{"line":35,"column":null}},{"start":{},"end":{}}],"line":33}},"s":{"0":7,"1":2,"2":2,"3":2,"4":2,"5":0,"6":2,"7":2,"8":2,"9":0,"10":2,"11":2,"12":2,"13":0,"14":2,"15":2},"f":{"0":2,"1":2,"2":2,"3":0,"4":2},"b":{"0":[2],"1":[2,0],"2":[2,2],"3":[2,2],"4":[0,2]},"meta":{"lastBranch":5,"lastFunction":5,"lastStatement":16,"seen":{"s:15:25:52:Infinity":0,"f:15:25:15:Infinity":0,"b:19:26:19:Infinity":0,"s:21:21:21:Infinity":1,"b:21:21:21:43:21:43:21:Infinity":1,"s:24:18:30:Infinity":2,"b:27:26:27:74:27:74:27:Infinity":2,"b:28:20:28:62:28:62:28:Infinity":3,"s:32:18:43:Infinity":3,"f:32:18:32:24":1,"b:33:4:35:Infinity:undefined:undefined:undefined:undefined":4,"s:33:4:35:Infinity":4,"s:34:6:34:Infinity":5,"s:36:4:42:Infinity":6,"f:36:23:36:35":2,"s:37:6:41:Infinity":7,"s:38:8:38:Infinity":8,"s:40:8:40:Infinity":9,"s:45:2:45:Infinity":10,"s:46:2:46:Infinity":11,"s:47:2:47:Infinity":12,"f:47:22:47:23":3,"s:47:33:47:49":13,"s:49:2:51:Infinity":14,"f:50:11:50:17":4,"s:50:17:50:Infinity":15}}},"D:\\repos\\ironbot\\src\\validation\\tool_request.ts":{"path":"D:\\repos\\ironbot\\src\\validation\\tool_request.ts","statementMap":{"0":{"start":{"line":3,"column":33},"end":{"line":11,"column":null}},"1":{"start":{"line":13,"column":35},"end":{"line":13,"column":null}},"2":{"start":{"line":13,"column":55},"end":{"line":13,"column":null}}},"fnMap":{"0":{"name":"(anonymous_0)","decl":{"start":{"line":13,"column":35},"end":{"line":13,"column":36}},"loc":{"start":{"line":13,"column":55},"end":{"line":13,"column":null}},"line":13}},"branchMap":{},"s":{"0":4,"1":4,"2":12},"f":{"0":12},"b":{},"meta":{"lastBranch":0,"lastFunction":1,"lastStatement":3,"seen":{"s:3:33:11:Infinity":0,"s:13:35:13:Infinity":1,"f:13:35:13:36":0,"s:13:55:13:Infinity":2}}},"D:\\repos\\ironbot\\src\\utils\\logging.ts":{"path":"D:\\repos\\ironbot\\src\\utils\\logging.ts","statementMap":{"0":{"start":{"line":9,"column":21},"end":{"line":14,"column":null}},"1":{"start":{"line":10,"column":2},"end":{"line":12,"column":null}},"2":{"start":{"line":11,"column":4},"end":{"line":11,"column":null}},"3":{"start":{"line":13,"column":2},"end":{"line":13,"column":null}},"4":{"start":{"line":16,"column":21},"end":{"line":29,"column":null}},"5":{"start":{"line":17,"column":16},"end":{"line":17,"column":null}},"6":{"start":{"line":18,"column":22},"end":{"line":20,"column":null}},"7":{"start":{"line":22,"column":2},"end":{"line":28,"column":null}},"8":{"start":{"line":31,"column":20},"end":{"line":31,"column":null}},"9":{"start":{"line":33,"column":28},"end":{"line":36,"column":null}},"10":{"start":{"line":34,"column":2},"end":{"line":34,"column":null}},"11":{"start":{"line":35,"column":2},"end":{"line":35,"column":null}}},"fnMap":{"0":{"name":"(anonymous_0)","decl":{"start":{"line":9,"column":21},"end":{"line":9,"column":22}},"loc":{"start":{"line":9,"column":58},"end":{"line":14,"column":null}},"line":9},"1":{"name":"(anonymous_1)","decl":{"start":{"line":16,"column":21},"end":{"line":16,"column":22}},"loc":{"start":{"line":16,"column":63},"end":{"line":29,"column":null}},"line":16},"2":{"name":"(anonymous_2)","decl":{"start":{"line":33,"column":28},"end":{"line":33,"column":29}},"loc":{"start":{"line":33,"column":75},"end":{"line":36,"column":null}},"line":33}},"branchMap":{"0":{"loc":{"start":{"line":10,"column":2},"end":{"line":12,"column":null}},"type":"if","locations":[{"start":{"line":10,"column":2},"end":{"line":12,"column":null}},{"start":{},"end":{}}],"line":10},"1":{"loc":{"start":{"line":13,"column":9},"end":{"line":13,"column":null}},"type":"cond-expr","locations":[{"start":{"line":13,"column":25},"end":{"line":13,"column":35}},{"start":{"line":13,"column":35},"end":{"line":13,"column":null}}],"line":13},"2":{"loc":{"start":{"line":18,"column":22},"end":{"line":20,"column":null}},"type":"cond-expr","locations":[{"start":{"line":19,"column":6},"end":{"line":19,"column":null}},{"start":{"line":20,"column":6},"end":{"line":20,"column":null}}],"line":18},"3":{"loc":{"start":{"line":33,"column":29},"end":{"line":33,"column":75}},"type":"default-arg","locations":[{"start":{"line":33,"column":55},"end":{"line":33,"column":75}}],"line":33}},"s":{"0":16,"1":19,"2":1,"3":18,"4":16,"5":19,"6":19,"7":19,"8":16,"9":16,"10":3,"11":3},"f":{"0":19,"1":19,"2":3},"b":{"0":[1,18],"1":[1,17],"2":[1,18],"3":[3]},"meta":{"lastBranch":4,"lastFunction":3,"lastStatement":12,"seen":{"s:9:21:14:Infinity":0,"f:9:21:9:22":0,"b:10:2:12:Infinity:undefined:undefined:undefined:undefined":0,"s:10:2:12:Infinity":1,"s:11:4:11:Infinity":2,"s:13:2:13:Infinity":3,"b:13:25:13:35:13:35:13:Infinity":1,"s:16:21:29:Infinity":4,"f:16:21:16:22":1,"s:17:16:17:Infinity":5,"s:18:22:20:Infinity":6,"b:19:6:19:Infinity:20:6:20:Infinity":2,"s:22:2:28:Infinity":7,"s:31:20:31:Infinity":8,"s:33:28:36:Infinity":9,"f:33:28:33:29":2,"b:33:55:33:75":3,"s:34:2:34:Infinity":10,"s:35:2:35:Infinity":11}}},"D:\\repos\\ironbot\\src\\validation\\permission_policy.ts":{"path":"D:\\repos\\ironbot\\src\\validation\\permission_policy.ts","statementMap":{"0":{"start":{"line":3,"column":30},"end":{"line":11,"column":null}},"1":{"start":{"line":13,"column":26},"end":{"line":18,"column":null}},"2":{"start":{"line":20,"column":38},"end":{"line":55,"column":null}},"3":{"start":{"line":57,"column":40},"end":{"line":57,"column":null}},"4":{"start":{"line":57,"column":60},"end":{"line":57,"column":null}}},"fnMap":{"0":{"name":"(anonymous_0)","decl":{"start":{"line":57,"column":40},"end":{"line":57,"column":41}},"loc":{"start":{"line":57,"column":60},"end":{"line":57,"column":null}},"line":57}},"branchMap":{},"s":{"0":8,"1":8,"2":8,"3":8,"4":24},"f":{"0":24},"b":{},"meta":{"lastBranch":0,"lastFunction":1,"lastStatement":5,"seen":{"s:3:30:11:Infinity":0,"s:13:26:18:Infinity":1,"s:20:38:55:Infinity":2,"s:57:40:57:Infinity":3,"f:57:40:57:41":0,"s:57:60:57:Infinity":4}}}}}